#
# There is insufficient memory for the Java Runtime Environment to continue.
# Native memory allocation (malloc) failed to allocate 308016 bytes. Error detail: Chunk::new
# Possible reasons:
#   The system is out of physical RAM or swap space
#   This process is running with CompressedOops enabled, and the Java Heap may be blocking the growth of the native heap
# Possible solutions:
#   Reduce memory load on the system
#   Increase physical memory or swap space
#   Check if swap backing store is full
#   Decrease Java heap size (-Xmx/-Xms)
#   Decrease number of Java threads
#   Decrease Java thread stack sizes (-Xss)
#   Set larger code cache with -XX:ReservedCodeCacheSize=
#   JVM is running with Unscaled Compressed Oops mode in which the Java heap is
#     placed in the first 4GB address space. The Java Heap base address is the
#     maximum limit for the native heap growth. Please use -XX:HeapBaseMinAddress
#     to set the Java Heap base and to place the Java Heap above 4GB virtual address.
# This output file may be truncated or incomplete.
#
#  Out of Memory Error (arena.cpp:168), pid=2852, tid=964
#
# JRE version: OpenJDK Runtime Environment Temurin-21.0.6+7 (21.0.6+7) (build 21.0.6+7-LTS)
# Java VM: OpenJDK 64-Bit Server VM Temurin-21.0.6+7 (21.0.6+7-LTS, mixed mode, sharing, tiered, compressed oops, compressed class ptrs, parallel gc, windows-amd64)
# No core dump will be written. Minidumps are not enabled by default on client versions of Windows
#

---------------  S U M M A R Y ------------

Command Line: --add-modules=ALL-SYSTEM --add-opens=java.base/java.util=ALL-UNNAMED --add-opens=java.base/java.lang=ALL-UNNAMED --add-opens=java.base/sun.nio.fs=ALL-UNNAMED -Declipse.application=org.eclipse.jdt.ls.core.id1 -Dosgi.bundles.defaultStartLevel=4 -Declipse.product=org.eclipse.jdt.ls.core.product -Djava.import.generatesMetadataFilesAtProjectRoot=false -DDetectVMInstallationsJob.disabled=true -Dfile.encoding=utf8 -XX:+UseParallelGC -XX:GCTimeRatio=4 -XX:AdaptiveSizePolicyWeight=90 -Dsun.zip.disableMemoryMapping=true -Xmx1G -Xms100m -Xlog:disable -javaagent:c:\Users\Lenovo\.vscode\extensions\redhat.java-1.41.1-win32-x64\lombok\lombok-1.18.36.jar -XX:+HeapDumpOnOutOfMemoryError -XX:HeapDumpPath=c:\Users\Lenovo\AppData\Roaming\Code\User\workspaceStorage\e65baae49fc2af545f20d3d18a518dec\redhat.java -Daether.dependencyCollector.impl=bf c:\Users\Lenovo\.vscode\extensions\redhat.java-1.41.1-win32-x64\server\plugins\org.eclipse.equinox.launcher_1.7.0.v20250331-1702.jar -configuration c:\Users\Lenovo\AppData\Roaming\Code\User\globalStorage\redhat.java\1.41.1\config_win -data c:\Users\Lenovo\AppData\Roaming\Code\User\workspaceStorage\e65baae49fc2af545f20d3d18a518dec\redhat.java\jdt_ws --pipe=\\.\pipe\lsp-63d6735480591c27b306f513dad6a168-sock

Host: AMD Ryzen 5 5500H with Radeon Graphics         , 8 cores, 5G,  Windows 11 , 64 bit Build 22621 (10.0.22621.5262)
Time: Fri May 23 21:57:14 2025 Paris, Madrid (heure duild 22621 (10.0.22621.5262) elapsed time: 54.317361 seconds (0d 0h 0m 54s)

---------------  T H R E A D  ---------------

Current thread (0x00000184aa79a640):  JavaThread "C2 CompilerThread0" daemon [_thread_in_native, id=964, stack(0x000000779bf00000,0x000000779c000000) (1024K)]


Current CompileTask:
C2:54317 10413       4       org.eclipse.jdt.internal.core.index.DiskIndex::computeDocumentNames (607 bytes)

Stack: [0x000000779bf00000,0x000000779c000000]
Native frames: (J=compiled Java code, j=interpreted, Vv=VM code, C=native code)
V  [jvm.dll+0x6cdee9]
V  [jvm.dll+0x8a83d1]
V  [jvm.dll+0x8aa8fe]
V  [jvm.dll+0x8aafe3]
V  [jvm.dll+0x27f706]
V  [jvm.dll+0xc500d]
V  [jvm.dll+0xc5543]
V  [jvm.dll+0x2f2acd]
V  [jvm.dll+0x5f6a2a]
V  [jvm.dll+0x250bb2]
V  [jvm.dll+0x24908e]
V  [jvm.dll+0x246ec4]
V  [jvm.dll+0x1c75ee]
V  [jvm.dll+0x25685a]
V  [jvm.dll+0x254dfa]
V  [jvm.dll+0x3f0256]
V  [jvm.dll+0x851f8b]
V  [jvm.dll+0x6cc5ed]
C  [ucrtbase.dll+0x29333]
C  [KERNEL32.DLL+0x1259d]
C  [ntdll.dll+0x5af58]


---------------  P R O C E S S  ---------------

Threads class SMR info:
_java_thread_list=0x00000184f49739d0, length=60, elements={
0x00000184963df3c0, 0x00000184aa78f400, 0x00000184aa790c00, 0x00000184aa793a80,
0x00000184aa794fa0, 0x00000184aa796c60, 0x00000184aa7978b0, 0x00000184aa79a640,
0x00000184aa7cb2f0, 0x00000184ed2e4f70, 0x00000184ed553dc0, 0x00000184f20132b0,
0x00000184edda8060, 0x00000184ede00d00, 0x00000184eddbeb40, 0x00000184ed8e90e0,
0x00000184ed8e7d30, 0x00000184ed8e83c0, 0x00000184f22cb760, 0x00000184f22cc480,
0x00000184f22c82e0, 0x00000184f22caa40, 0x00000184f22c8970, 0x00000184f22ccb10,
0x00000184f22cd1a0, 0x00000184f22c68a0, 0x00000184f22c6f30, 0x00000184f22c7c50,
0x00000184f22cd830, 0x00000184f22ca3b0, 0x00000184f22cdec0, 0x00000184f22c75c0,
0x00000184f22cb0d0, 0x00000184f22c9000, 0x00000184f22cbdf0, 0x00000184f22c9690,
0x00000184f4c41280, 0x00000184f4c3d770, 0x00000184f4c3bd30, 0x00000184f4c3fed0,
0x00000184f4c40560, 0x00000184f4c40bf0, 0x00000184f4c3e490, 0x00000184f4c41910,
0x00000184f4c3eb20, 0x00000184f4c41fa0, 0x00000184f4c3d0e0, 0x00000184f4c3b6a0,
0x00000184f4c3ca50, 0x00000184f4c3de00, 0x00000184ed8e8a50, 0x00000184ed7d4150,
0x00000184ed7d4e70, 0x00000184ed7d6f40, 0x00000184ed7d6220, 0x00000184ed7d47e0,
0x00000184ed7d75d0, 0x00000184ed7d5b90, 0x00000184ed7d68b0, 0x00000184f40b2200
}

Java Threads: ( => current thread )
  0x00000184963df3c0 JavaThread "main"                              [_thread_blocked, id=19820, stack(0x000000779b500000,0x000000779b600000) (1024K)]
  0x00000184aa78f400 JavaThread "Reference Handler"          daemon [_thread_blocked, id=9080, stack(0x000000779b900000,0x000000779ba00000) (1024K)]
  0x00000184aa790c00 JavaThread "Finalizer"                  daemon [_thread_blocked, id=11828, stack(0x000000779ba00000,0x000000779bb00000) (1024K)]
  0x00000184aa793a80 JavaThread "Signal Dispatcher"          daemon [_thread_blocked, id=11556, stack(0x000000779bb00000,0x000000779bc00000) (1024K)]
  0x00000184aa794fa0 JavaThread "Attach Listener"            daemon [_thread_blocked, id=12960, stack(0x000000779bc00000,0x000000779bd00000) (1024K)]
  0x00000184aa796c60 JavaThread "Service Thread"             daemon [_thread_blocked, id=17324, stack(0x000000779bd00000,0x000000779be00000) (1024K)]
  0x00000184aa7978b0 JavaThread "Monitor Deflation Thread"   daemon [_thread_blocked, id=23560, stack(0x000000779be00000,0x000000779bf00000) (1024K)]
=>0x00000184aa79a640 JavaThread "C2 CompilerThread0"         daemon [_thread_in_native, id=964, stack(0x000000779bf00000,0x000000779c000000) (1024K)]
  0x00000184aa7cb2f0 JavaThread "C1 CompilerThread0"         daemon [_thread_blocked, id=11664, stack(0x000000779c000000,0x000000779c100000) (1024K)]
  0x00000184ed2e4f70 JavaThread "Common-Cleaner"             daemon [_thread_blocked, id=6872, stack(0x000000779c100000,0x000000779c200000) (1024K)]
  0x00000184ed553dc0 JavaThread "Notification Thread"        daemon [_thread_blocked, id=8744, stack(0x000000779c200000,0x000000779c300000) (1024K)]
  0x00000184f20132b0 JavaThread "Active Thread: Equinox Container: cdb2c653-2ae6-4159-964d-89b7c845f218"        [_thread_blocked, id=13172, stack(0x000000779c900000,0x000000779ca00000) (1024K)]
  0x00000184edda8060 JavaThread "Refresh Thread: Equinox Container: cdb2c653-2ae6-4159-964d-89b7c845f218" daemon [_thread_blocked, id=22492, stack(0x000000779ca00000,0x000000779cb00000) (1024K)]
  0x00000184ede00d00 JavaThread "Framework Event Dispatcher: Equinox Container: cdb2c653-2ae6-4159-964d-89b7c845f218" daemon [_thread_blocked, id=22604, stack(0x000000779cb00000,0x000000779cc00000) (1024K)]
  0x00000184eddbeb40 JavaThread "Start Level: Equinox Container: cdb2c653-2ae6-4159-964d-89b7c845f218" daemon [_thread_blocked, id=24180, stack(0x000000779cd00000,0x000000779ce00000) (1024K)]
  0x00000184ed8e90e0 JavaThread "Bundle File Closer"         daemon [_thread_blocked, id=16528, stack(0x000000779ce00000,0x000000779cf00000) (1024K)]
  0x00000184ed8e7d30 JavaThread "SCR Component Actor"        daemon [_thread_blocked, id=18608, stack(0x000000779cf00000,0x000000779d000000) (1024K)]
  0x00000184ed8e83c0 JavaThread "Worker-JM"                         [_thread_blocked, id=17112, stack(0x000000779d200000,0x000000779d300000) (1024K)]
  0x00000184f22cb760 JavaThread "JNA Cleaner"                daemon [_thread_blocked, id=7020, stack(0x000000779d100000,0x000000779d200000) (1024K)]
  0x00000184f22cc480 JavaThread "Worker-0"                          [_thread_blocked, id=14808, stack(0x000000779d300000,0x000000779d400000) (1024K)]
  0x00000184f22c82e0 JavaThread "Worker-1"                          [_thread_blocked, id=19428, stack(0x000000779d400000,0x000000779d500000) (1024K)]
  0x00000184f22caa40 JavaThread "Worker-2"                          [_thread_blocked, id=18960, stack(0x000000779d600000,0x000000779d700000) (1024K)]
  0x00000184f22c8970 JavaThread "Java indexing"              daemon [_thread_in_native, id=13212, stack(0x000000779d800000,0x000000779d900000) (1024K)]
  0x00000184f22ccb10 JavaThread "Worker-3: Building"                [_thread_in_Java, id=23280, stack(0x000000779db00000,0x000000779dc00000) (1024K)]
  0x00000184f22cd1a0 JavaThread "Worker-4: Java indexing... "        [_thread_blocked, id=11160, stack(0x000000779dc00000,0x000000779dd00000) (1024K)]
  0x00000184f22c68a0 JavaThread "Thread-2"                   daemon [_thread_in_native, id=24560, stack(0x000000779dd00000,0x000000779de00000) (1024K)]
  0x00000184f22c6f30 JavaThread "Thread-3"                   daemon [_thread_in_native, id=12908, stack(0x000000779de00000,0x000000779df00000) (1024K)]
  0x00000184f22c7c50 JavaThread "Thread-4"                   daemon [_thread_in_native, id=23616, stack(0x000000779df00000,0x000000779e000000) (1024K)]
  0x00000184f22cd830 JavaThread "Thread-5"                   daemon [_thread_in_native, id=10332, stack(0x000000779e000000,0x000000779e100000) (1024K)]
  0x00000184f22ca3b0 JavaThread "Thread-6"                   daemon [_thread_in_native, id=23844, stack(0x000000779e100000,0x000000779e200000) (1024K)]
  0x00000184f22cdec0 JavaThread "Thread-7"                   daemon [_thread_in_native, id=5648, stack(0x000000779e200000,0x000000779e300000) (1024K)]
  0x00000184f22c75c0 JavaThread "Thread-8"                   daemon [_thread_in_native, id=7268, stack(0x000000779e300000,0x000000779e400000) (1024K)]
  0x00000184f22cb0d0 JavaThread "Thread-9"                   daemon [_thread_in_native, id=11292, stack(0x000000779e400000,0x000000779e500000) (1024K)]
  0x00000184f22c9000 JavaThread "Thread-10"                  daemon [_thread_in_native, id=22716, stack(0x000000779e500000,0x000000779e600000) (1024K)]
  0x00000184f22cbdf0 JavaThread "pool-2-thread-1"                   [_thread_blocked, id=12508, stack(0x000000779e600000,0x000000779e700000) (1024K)]
  0x00000184f22c9690 JavaThread "Worker-5"                          [_thread_blocked, id=17584, stack(0x000000779e700000,0x000000779e800000) (1024K)]
  0x00000184f4c41280 JavaThread "WorkspaceEventsHandler"            [_thread_blocked, id=3804, stack(0x000000779e800000,0x000000779e900000) (1024K)]
  0x00000184f4c3d770 JavaThread "pool-1-thread-1"                   [_thread_blocked, id=20048, stack(0x000000779e900000,0x000000779ea00000) (1024K)]
  0x00000184f4c3bd30 JavaThread "Worker-6"                          [_thread_blocked, id=13964, stack(0x000000779ea00000,0x000000779eb00000) (1024K)]
  0x00000184f4c3fed0 JavaThread "LocalFile Deleter"          daemon [_thread_blocked, id=21152, stack(0x000000779d700000,0x000000779d800000) (1024K)]
  0x00000184f4c40560 JavaThread "LocalFile Deleter"          daemon [_thread_blocked, id=18176, stack(0x000000779ec00000,0x000000779ed00000) (1024K)]
  0x00000184f4c40bf0 JavaThread "LocalFile Deleter"          daemon [_thread_blocked, id=3092, stack(0x000000779ed00000,0x000000779ee00000) (1024K)]
  0x00000184f4c3e490 JavaThread "LocalFile Deleter"          daemon [_thread_blocked, id=18516, stack(0x000000779ee00000,0x000000779ef00000) (1024K)]
  0x00000184f4c41910 JavaThread "LocalFile Deleter"          daemon [_thread_blocked, id=24084, stack(0x000000779ef00000,0x000000779f000000) (1024K)]
  0x00000184f4c3eb20 JavaThread "LocalFile Deleter"          daemon [_thread_blocked, id=14972, stack(0x000000779f000000,0x000000779f100000) (1024K)]
  0x00000184f4c41fa0 JavaThread "LocalFile Deleter"          daemon [_thread_blocked, id=13320, stack(0x000000779f100000,0x000000779f200000) (1024K)]
  0x00000184f4c3d0e0 JavaThread "LocalFile Deleter"          daemon [_thread_blocked, id=19408, stack(0x000000779f200000,0x000000779f300000) (1024K)]
  0x00000184f4c3b6a0 JavaThread "Compiler Source File Reader" daemon [_thread_blocked, id=19012, stack(0x000000779f300000,0x000000779f400000) (1024K)]
  0x00000184f4c3ca50 JavaThread "Compiler Source File Reader" daemon [_thread_blocked, id=22752, stack(0x000000779f400000,0x000000779f500000) (1024K)]
  0x00000184f4c3de00 JavaThread "Compiler Source File Reader" daemon [_thread_blocked, id=21968, stack(0x000000779f500000,0x000000779f600000) (1024K)]
  0x00000184ed8e8a50 JavaThread "Compiler Source File Reader" daemon [_thread_blocked, id=19664, stack(0x000000779f600000,0x000000779f700000) (1024K)]
  0x00000184ed7d4150 JavaThread "Compiler Source File Reader" daemon [_thread_blocked, id=10244, stack(0x000000779f700000,0x000000779f800000) (1024K)]
  0x00000184ed7d4e70 JavaThread "Compiler Source File Reader" daemon [_thread_blocked, id=15444, stack(0x000000779f800000,0x000000779f900000) (1024K)]
  0x00000184ed7d6f40 JavaThread "Compiler Processing Task"   daemon [_thread_blocked, id=10396, stack(0x000000779d500000,0x000000779d600000) (1024K)]
  0x00000184ed7d6220 JavaThread "Compiler Class File Writer" daemon [_thread_blocked, id=24104, stack(0x000000779f900000,0x000000779fa00000) (1024K)]
  0x00000184ed7d47e0 JavaThread "Compiler Class File Writer" daemon [_thread_blocked, id=20568, stack(0x000000779fa00000,0x000000779fb00000) (1024K)]
  0x00000184ed7d75d0 JavaThread "Compiler Class File Writer" daemon [_thread_blocked, id=5992, stack(0x000000779fb00000,0x000000779fc00000) (1024K)]
  0x00000184ed7d5b90 JavaThread "Compiler Class File Writer" daemon [_thread_blocked, id=24148, stack(0x000000779fc00000,0x000000779fd00000) (1024K)]
  0x00000184ed7d68b0 JavaThread "Compiler Class File Writer" daemon [_thread_blocked, id=18264, stack(0x000000779fd00000,0x000000779fe00000) (1024K)]
  0x00000184f40b2200 JavaThread "Compiler Class File Writer" daemon [_thread_blocked, id=7352, stack(0x000000779fe00000,0x000000779ff00000) (1024K)]
Total: 60

Other Threads:
  0x000001849649ead0 VMThread "VM Thread"                           [id=18068, stack(0x000000779b800000,0x000000779b900000) (1024K)]
  0x00000184aa6aca10 WatcherThread "VM Periodic Task Thread"        [id=19836, stack(0x000000779b700000,0x000000779b800000) (1024K)]
  0x00000184963fd480 WorkerThread "GC Thread#0"                     [id=15296, stack(0x000000779b600000,0x000000779b700000) (1024K)]
  0x00000184edccae50 WorkerThread "GC Thread#1"                     [id=19212, stack(0x000000779c300000,0x000000779c400000) (1024K)]
  0x00000184edccb1f0 WorkerThread "GC Thread#2"                     [id=18484, stack(0x000000779c400000,0x000000779c500000) (1024K)]
  0x00000184edccaab0 WorkerThread "GC Thread#3"                     [id=14156, stack(0x000000779c500000,0x000000779c600000) (1024K)]
  0x00000184edcca370 WorkerThread "GC Thread#4"                     [id=1820, stack(0x000000779c600000,0x000000779c700000) (1024K)]
  0x00000184edccb590 WorkerThread "GC Thread#5"                     [id=20840, stack(0x000000779c700000,0x000000779c800000) (1024K)]
  0x00000184edccb930 WorkerThread "GC Thread#6"                     [id=11812, stack(0x000000779c800000,0x000000779c900000) (1024K)]
  0x00000184edcc9fd0 WorkerThread "GC Thread#7"                     [id=11184, stack(0x000000779cc00000,0x000000779cd00000) (1024K)]
Total: 10

Threads with active compile tasks:
C2 CompilerThread0  54370 10413       4       org.eclipse.jdt.internal.core.index.DiskIndex::computeDocumentNames (607 bytes)
Total: 1

VM state: not at safepoint (normal execution)

VM Mutex/Monitor currently owned by a thread: None

Heap address: 0x00000000c0000000, size: 1024 MB, Compressed Oops mode: 32-bit

CDS archive(s) mapped at: [0x00000184ab000000-0x00000184abba0000-0x00000184abba0000), size 12189696, SharedBaseAddress: 0x00000184ab000000, ArchiveRelocationMode: 1.
Compressed class space mapped at: 0x00000184ac000000-0x00000184ec000000, reserved size: 1073741824
Narrow klass base: 0x00000184ab000000, Narrow klass shift: 0, Narrow klass range: 0x100000000

GC Precious Log:
 CardTable entry size: 512
 CPUs: 8 total, 8 available
 Memory: 5996M
 Large Page Support: Disabled
 NUMA Support: Disabled
 Compressed Oops: Enabled (32-bit)
 Alignments: Space 512K, Generation 512K, Heap 2M
 Heap Min Capacity: 100M
 Heap Initial Capacity: 100M
 Heap Max Capacity: 1G
 Pre-touch: Disabled
 Parallel Workers: 8

Heap:
 PSYoungGen      total 4096K, used 3419K [0x00000000eab00000, 0x00000000eb200000, 0x0000000100000000)
  eden space 3072K, 78% used [0x00000000eab00000,0x00000000ead587a8,0x00000000eae00000)
  from space 1024K, 99% used [0x00000000eae00000,0x00000000eaefe820,0x00000000eaf00000)
  to   space 2048K, 0% used [0x00000000eb000000,0x00000000eb000000,0x00000000eb200000)
 ParOldGen       total 384512K, used 327600K [0x00000000c0000000, 0x00000000d7780000, 0x00000000eab00000)
  object space 384512K, 85% used [0x00000000c0000000,0x00000000d3fec2b8,0x00000000d7780000)
 Metaspace       used 63216K, committed 64576K, reserved 1114112K
  class space    used 6614K, committed 7232K, reserved 1048576K

Card table byte_map: [0x0000018495db0000,0x0000018495fc0000] _byte_map_base: 0x00000184957b0000

Marking Bits: (ParMarkBitMap*) 0x00007fffe8a83260
 Begin Bits: [0x00000184a85d0000, 0x00000184a95d0000)
 End Bits:   [0x00000184a95d0000, 0x00000184aa5d0000)

Polling page: 0x0000018495ba0000

Metaspace:

Usage:
  Non-class:     55.28 MB used.
      Class:      6.46 MB used.
       Both:     61.74 MB used.

Virtual space:
  Non-class space:       64.00 MB reserved,      56.00 MB ( 88%) committed,  1 nodes.
      Class space:        1.00 GB reserved,       7.06 MB ( <1%) committed,  1 nodes.
             Both:        1.06 GB reserved,      63.06 MB (  6%) committed. 

Chunk freelists:
   Non-Class:  8.00 MB
       Class:  8.91 MB
        Both:  16.91 MB

MaxMetaspaceSize: unlimited
CompressedClassSpaceSize: 1.00 GB
Initial GC threshold: 21.00 MB
Current GC threshold: 97.31 MB
CDS: on
 - commit_granule_bytes: 65536.
 - commit_granule_words: 8192.
 - virtual_space_node_default_size: 8388608.
 - enlarge_chunks_in_place: 1.
 - use_allocation_guard: 0.


Internal statistics:

num_allocs_failed_limit: 9.
num_arena_births: 1100.
num_arena_deaths: 14.
num_vsnodes_births: 2.
num_vsnodes_deaths: 0.
num_space_committed: 1009.
num_space_uncommitted: 0.
num_chunks_returned_to_freelist: 23.
num_chunks_taken_from_freelist: 3872.
num_chunk_merges: 15.
num_chunk_splits: 2382.
num_chunks_enlarged: 1299.
num_inconsistent_stats: 0.

CodeHeap 'non-profiled nmethods': size=120000Kb used=6546Kb max_used=6546Kb free=113453Kb
 bounds [0x00000184a10a0000, 0x00000184a1710000, 0x00000184a85d0000]
CodeHeap 'profiled nmethods': size=120000Kb used=20547Kb max_used=20547Kb free=99452Kb
 bounds [0x00000184995d0000, 0x000001849a9f0000, 0x00000184a0b00000]
CodeHeap 'non-nmethods': size=5760Kb used=1450Kb max_used=1507Kb free=4309Kb
 bounds [0x00000184a0b00000, 0x00000184a0d70000, 0x00000184a10a0000]
 total_blobs=10386 nmethods=9620 adapters=672
 compilation: enabled
              stopped_count=0, restarted_count=0
 full_count=0

Compilation events (20 events):
Event: 54.293 Thread 0x00000184aa7cb2f0 nmethod 10406 0x00000184a1702a10 code [0x00000184a1702ba0, 0x00000184a1702c80]
Event: 54.293 Thread 0x00000184aa79a640 nmethod 10404 0x00000184a1702d10 code [0x00000184a1702ec0, 0x00000184a1703610]
Event: 54.293 Thread 0x00000184aa7cb2f0 10407       3       org.eclipse.jdt.internal.compiler.impl.IntConstant::fromValue (213 bytes)
Event: 54.293 Thread 0x00000184aa7cb2f0 nmethod 10407 0x000001849a9cef90 code [0x000001849a9cf1e0, 0x000001849a9cf938]
Event: 54.293 Thread 0x00000184aa7cb2f0 10408       1       org.apache.maven.model.Scm::getTag (5 bytes)
Event: 54.294 Thread 0x00000184aa7cb2f0 nmethod 10408 0x00000184a1703890 code [0x00000184a1703a20, 0x00000184a1703ae8]
Event: 54.297 Thread 0x00000184aa7cb2f0 10409       3       org.codehaus.plexus.util.xml.pull.MXParser::printable (61 bytes)
Event: 54.297 Thread 0x00000184aa7cb2f0 nmethod 10409 0x000001849a9cfa90 code [0x000001849a9cfd40, 0x000001849a9d0860]
Event: 54.297 Thread 0x00000184aa7cb2f0 10410   !   3       org.apache.maven.model.Model::clone (502 bytes)
Event: 54.302 Thread 0x00000184aa7cb2f0 nmethod 10410 0x000001849a9d0d10 code [0x000001849a9d1360, 0x000001849a9d4988]
Event: 54.302 Thread 0x00000184aa7cb2f0 10411       3       org.apache.maven.model.Model::cloneHook (9 bytes)
Event: 54.302 Thread 0x00000184aa7cb2f0 nmethod 10411 0x000001849a9d6310 code [0x000001849a9d64a0, 0x000001849a9d65d8]
Event: 54.305 Thread 0x00000184aa7cb2f0 10412       1       org.apache.maven.model.ModelBase::setProperties (6 bytes)
Event: 54.305 Thread 0x00000184aa7cb2f0 nmethod 10412 0x00000184a1703b90 code [0x00000184a1703d20, 0x00000184a1703e00]
Event: 54.305 Thread 0x00000184aa79a640 10413       4       org.eclipse.jdt.internal.core.index.DiskIndex::computeDocumentNames (607 bytes)
Event: 54.311 Thread 0x00000184aa7cb2f0 10415       3       java.lang.Runtime::getRuntime (4 bytes)
Event: 54.312 Thread 0x00000184aa7cb2f0 nmethod 10415 0x000001849a9d6690 code [0x000001849a9d6820, 0x000001849a9d6918]
Event: 54.313 Thread 0x00000184aa7cb2f0 10417       1       org.eclipse.aether.DefaultRepositorySystemSession::getSystemProperties (5 bytes)
Event: 54.313 Thread 0x00000184aa7cb2f0 nmethod 10417 0x00000184a1703e90 code [0x00000184a1704020, 0x00000184a17040e8]
Event: 54.313 Thread 0x00000184aa7cb2f0 10418       1       org.eclipse.aether.DefaultRepositorySystemSession::getUserProperties (5 bytes)

GC Heap History (20 events):
Event: 54.093 GC heap before
{Heap before GC invocations=482 (full 3):
 PSYoungGen      total 3584K, used 3568K [0x00000000eab00000, 0x00000000eb000000, 0x0000000100000000)
  eden space 3072K, 100% used [0x00000000eab00000,0x00000000eae00000,0x00000000eae00000)
  from space 512K, 96% used [0x00000000eaf00000,0x00000000eaf7c010,0x00000000eaf80000)
  to   space 1024K, 0% used [0x00000000eae00000,0x00000000eae00000,0x00000000eaf00000)
 ParOldGen       total 384512K, used 322473K [0x00000000c0000000, 0x00000000d7780000, 0x00000000eab00000)
  object space 384512K, 83% used [0x00000000c0000000,0x00000000d3aea4b8,0x00000000d7780000)
 Metaspace       used 63187K, committed 64576K, reserved 1114112K
  class space    used 6614K, committed 7232K, reserved 1048576K
}
Event: 54.099 GC heap after
{Heap after GC invocations=482 (full 3):
 PSYoungGen      total 4096K, used 640K [0x00000000eab00000, 0x00000000eb000000, 0x0000000100000000)
  eden space 3072K, 0% used [0x00000000eab00000,0x00000000eab00000,0x00000000eae00000)
  from space 1024K, 62% used [0x00000000eae00000,0x00000000eaea0000,0x00000000eaf00000)
  to   space 1024K, 0% used [0x00000000eaf00000,0x00000000eaf00000,0x00000000eb000000)
 ParOldGen       total 384512K, used 322841K [0x00000000c0000000, 0x00000000d7780000, 0x00000000eab00000)
  object space 384512K, 83% used [0x00000000c0000000,0x00000000d3b464b8,0x00000000d7780000)
 Metaspace       used 63187K, committed 64576K, reserved 1114112K
  class space    used 6614K, committed 7232K, reserved 1048576K
}
Event: 54.109 GC heap before
{Heap before GC invocations=483 (full 3):
 PSYoungGen      total 4096K, used 3712K [0x00000000eab00000, 0x00000000eb000000, 0x0000000100000000)
  eden space 3072K, 100% used [0x00000000eab00000,0x00000000eae00000,0x00000000eae00000)
  from space 1024K, 62% used [0x00000000eae00000,0x00000000eaea0000,0x00000000eaf00000)
  to   space 1024K, 0% used [0x00000000eaf00000,0x00000000eaf00000,0x00000000eb000000)
 ParOldGen       total 384512K, used 322841K [0x00000000c0000000, 0x00000000d7780000, 0x00000000eab00000)
  object space 384512K, 83% used [0x00000000c0000000,0x00000000d3b464b8,0x00000000d7780000)
 Metaspace       used 63189K, committed 64576K, reserved 1114112K
  class space    used 6614K, committed 7232K, reserved 1048576K
}
Event: 54.114 GC heap after
{Heap after GC invocations=483 (full 3):
 PSYoungGen      total 4096K, used 544K [0x00000000eab00000, 0x00000000eb000000, 0x0000000100000000)
  eden space 3072K, 0% used [0x00000000eab00000,0x00000000eab00000,0x00000000eae00000)
  from space 1024K, 53% used [0x00000000eaf00000,0x00000000eaf88000,0x00000000eb000000)
  to   space 1024K, 0% used [0x00000000eae00000,0x00000000eae00000,0x00000000eaf00000)
 ParOldGen       total 384512K, used 323375K [0x00000000c0000000, 0x00000000d7780000, 0x00000000eab00000)
  object space 384512K, 84% used [0x00000000c0000000,0x00000000d3bcbf50,0x00000000d7780000)
 Metaspace       used 63189K, committed 64576K, reserved 1114112K
  class space    used 6614K, committed 7232K, reserved 1048576K
}
Event: 54.126 GC heap before
{Heap before GC invocations=484 (full 3):
 PSYoungGen      total 4096K, used 3616K [0x00000000eab00000, 0x00000000eb000000, 0x0000000100000000)
  eden space 3072K, 100% used [0x00000000eab00000,0x00000000eae00000,0x00000000eae00000)
  from space 1024K, 53% used [0x00000000eaf00000,0x00000000eaf88000,0x00000000eb000000)
  to   space 1024K, 0% used [0x00000000eae00000,0x00000000eae00000,0x00000000eaf00000)
 ParOldGen       total 384512K, used 323375K [0x00000000c0000000, 0x00000000d7780000, 0x00000000eab00000)
  object space 384512K, 84% used [0x00000000c0000000,0x00000000d3bcbf50,0x00000000d7780000)
 Metaspace       used 63189K, committed 64576K, reserved 1114112K
  class space    used 6614K, committed 7232K, reserved 1048576K
}
Event: 54.129 GC heap after
{Heap after GC invocations=484 (full 3):
 PSYoungGen      total 4096K, used 656K [0x00000000eab00000, 0x00000000eb000000, 0x0000000100000000)
  eden space 3072K, 0% used [0x00000000eab00000,0x00000000eab00000,0x00000000eae00000)
  from space 1024K, 64% used [0x00000000eae00000,0x00000000eaea4010,0x00000000eaf00000)
  to   space 1024K, 0% used [0x00000000eaf00000,0x00000000eaf00000,0x00000000eb000000)
 ParOldGen       total 384512K, used 323783K [0x00000000c0000000, 0x00000000d7780000, 0x00000000eab00000)
  object space 384512K, 84% used [0x00000000c0000000,0x00000000d3c31f50,0x00000000d7780000)
 Metaspace       used 63189K, committed 64576K, reserved 1114112K
  class space    used 6614K, committed 7232K, reserved 1048576K
}
Event: 54.142 GC heap before
{Heap before GC invocations=485 (full 3):
 PSYoungGen      total 4096K, used 3728K [0x00000000eab00000, 0x00000000eb000000, 0x0000000100000000)
  eden space 3072K, 99% used [0x00000000eab00000,0x00000000eadffff8,0x00000000eae00000)
  from space 1024K, 64% used [0x00000000eae00000,0x00000000eaea4010,0x00000000eaf00000)
  to   space 1024K, 0% used [0x00000000eaf00000,0x00000000eaf00000,0x00000000eb000000)
 ParOldGen       total 384512K, used 323783K [0x00000000c0000000, 0x00000000d7780000, 0x00000000eab00000)
  object space 384512K, 84% used [0x00000000c0000000,0x00000000d3c31f50,0x00000000d7780000)
 Metaspace       used 63189K, committed 64576K, reserved 1114112K
  class space    used 6614K, committed 7232K, reserved 1048576K
}
Event: 54.148 GC heap after
{Heap after GC invocations=485 (full 3):
 PSYoungGen      total 4096K, used 786K [0x00000000eab00000, 0x00000000eb000000, 0x0000000100000000)
  eden space 3072K, 0% used [0x00000000eab00000,0x00000000eab00000,0x00000000eae00000)
  from space 1024K, 76% used [0x00000000eaf00000,0x00000000eafc4b70,0x00000000eb000000)
  to   space 1024K, 0% used [0x00000000eae00000,0x00000000eae00000,0x00000000eaf00000)
 ParOldGen       total 384512K, used 324262K [0x00000000c0000000, 0x00000000d7780000, 0x00000000eab00000)
  object space 384512K, 84% used [0x00000000c0000000,0x00000000d3ca9a58,0x00000000d7780000)
 Metaspace       used 63189K, committed 64576K, reserved 1114112K
  class space    used 6614K, committed 7232K, reserved 1048576K
}
Event: 54.175 GC heap before
{Heap before GC invocations=486 (full 3):
 PSYoungGen      total 4096K, used 3858K [0x00000000eab00000, 0x00000000eb000000, 0x0000000100000000)
  eden space 3072K, 100% used [0x00000000eab00000,0x00000000eae00000,0x00000000eae00000)
  from space 1024K, 76% used [0x00000000eaf00000,0x00000000eafc4b70,0x00000000eb000000)
  to   space 1024K, 0% used [0x00000000eae00000,0x00000000eae00000,0x00000000eaf00000)
 ParOldGen       total 384512K, used 324262K [0x00000000c0000000, 0x00000000d7780000, 0x00000000eab00000)
  object space 384512K, 84% used [0x00000000c0000000,0x00000000d3ca9a58,0x00000000d7780000)
 Metaspace       used 63189K, committed 64576K, reserved 1114112K
  class space    used 6614K, committed 7232K, reserved 1048576K
}
Event: 54.180 GC heap after
{Heap after GC invocations=486 (full 3):
 PSYoungGen      total 4096K, used 480K [0x00000000eab00000, 0x00000000eb000000, 0x0000000100000000)
  eden space 3072K, 0% used [0x00000000eab00000,0x00000000eab00000,0x00000000eae00000)
  from space 1024K, 46% used [0x00000000eae00000,0x00000000eae78000,0x00000000eaf00000)
  to   space 1024K, 0% used [0x00000000eaf00000,0x00000000eaf00000,0x00000000eb000000)
 ParOldGen       total 384512K, used 324750K [0x00000000c0000000, 0x00000000d7780000, 0x00000000eab00000)
  object space 384512K, 84% used [0x00000000c0000000,0x00000000d3d23a58,0x00000000d7780000)
 Metaspace       used 63189K, committed 64576K, reserved 1114112K
  class space    used 6614K, committed 7232K, reserved 1048576K
}
Event: 54.196 GC heap before
{Heap before GC invocations=487 (full 3):
 PSYoungGen      total 4096K, used 3552K [0x00000000eab00000, 0x00000000eb000000, 0x0000000100000000)
  eden space 3072K, 100% used [0x00000000eab00000,0x00000000eae00000,0x00000000eae00000)
  from space 1024K, 46% used [0x00000000eae00000,0x00000000eae78000,0x00000000eaf00000)
  to   space 1024K, 0% used [0x00000000eaf00000,0x00000000eaf00000,0x00000000eb000000)
 ParOldGen       total 384512K, used 324752K [0x00000000c0000000, 0x00000000d7780000, 0x00000000eab00000)
  object space 384512K, 84% used [0x00000000c0000000,0x00000000d3d242b0,0x00000000d7780000)
 Metaspace       used 63189K, committed 64576K, reserved 1114112K
  class space    used 6614K, committed 7232K, reserved 1048576K
}
Event: 54.201 GC heap after
{Heap after GC invocations=487 (full 3):
 PSYoungGen      total 4608K, used 496K [0x00000000eab00000, 0x00000000eb000000, 0x0000000100000000)
  eden space 3584K, 0% used [0x00000000eab00000,0x00000000eab00000,0x00000000eae80000)
  from space 1024K, 48% used [0x00000000eaf00000,0x00000000eaf7c010,0x00000000eb000000)
  to   space 512K, 0% used [0x00000000eae80000,0x00000000eae80000,0x00000000eaf00000)
 ParOldGen       total 384512K, used 325144K [0x00000000c0000000, 0x00000000d7780000, 0x00000000eab00000)
  object space 384512K, 84% used [0x00000000c0000000,0x00000000d3d862b0,0x00000000d7780000)
 Metaspace       used 63189K, committed 64576K, reserved 1114112K
  class space    used 6614K, committed 7232K, reserved 1048576K
}
Event: 54.222 GC heap before
{Heap before GC invocations=488 (full 3):
 PSYoungGen      total 4608K, used 4080K [0x00000000eab00000, 0x00000000eb000000, 0x0000000100000000)
  eden space 3584K, 100% used [0x00000000eab00000,0x00000000eae80000,0x00000000eae80000)
  from space 1024K, 48% used [0x00000000eaf00000,0x00000000eaf7c010,0x00000000eb000000)
  to   space 512K, 0% used [0x00000000eae80000,0x00000000eae80000,0x00000000eaf00000)
 ParOldGen       total 384512K, used 325144K [0x00000000c0000000, 0x00000000d7780000, 0x00000000eab00000)
  object space 384512K, 84% used [0x00000000c0000000,0x00000000d3d862b0,0x00000000d7780000)
 Metaspace       used 63189K, committed 64576K, reserved 1114112K
  class space    used 6614K, committed 7232K, reserved 1048576K
}
Event: 54.225 GC heap after
{Heap after GC invocations=488 (full 3):
 PSYoungGen      total 4096K, used 512K [0x00000000eab00000, 0x00000000eb000000, 0x0000000100000000)
  eden space 3584K, 0% used [0x00000000eab00000,0x00000000eab00000,0x00000000eae80000)
  from space 512K, 100% used [0x00000000eae80000,0x00000000eaf00000,0x00000000eaf00000)
  to   space 1024K, 0% used [0x00000000eaf00000,0x00000000eaf00000,0x00000000eb000000)
 ParOldGen       total 384512K, used 325528K [0x00000000c0000000, 0x00000000d7780000, 0x00000000eab00000)
  object space 384512K, 84% used [0x00000000c0000000,0x00000000d3de62b0,0x00000000d7780000)
 Metaspace       used 63189K, committed 64576K, reserved 1114112K
  class space    used 6614K, committed 7232K, reserved 1048576K
}
Event: 54.237 GC heap before
{Heap before GC invocations=489 (full 3):
 PSYoungGen      total 4096K, used 4096K [0x00000000eab00000, 0x00000000eb000000, 0x0000000100000000)
  eden space 3584K, 100% used [0x00000000eab00000,0x00000000eae80000,0x00000000eae80000)
  from space 512K, 100% used [0x00000000eae80000,0x00000000eaf00000,0x00000000eaf00000)
  to   space 1024K, 0% used [0x00000000eaf00000,0x00000000eaf00000,0x00000000eb000000)
 ParOldGen       total 384512K, used 325528K [0x00000000c0000000, 0x00000000d7780000, 0x00000000eab00000)
  object space 384512K, 84% used [0x00000000c0000000,0x00000000d3de62b0,0x00000000d7780000)
 Metaspace       used 63191K, committed 64576K, reserved 1114112K
  class space    used 6614K, committed 7232K, reserved 1048576K
}
Event: 54.245 GC heap after
{Heap after GC invocations=489 (full 3):
 PSYoungGen      total 4608K, used 544K [0x00000000eab00000, 0x00000000eb000000, 0x0000000100000000)
  eden space 3584K, 0% used [0x00000000eab00000,0x00000000eab00000,0x00000000eae80000)
  from space 1024K, 53% used [0x00000000eaf00000,0x00000000eaf88000,0x00000000eb000000)
  to   space 512K, 0% used [0x00000000eae80000,0x00000000eae80000,0x00000000eaf00000)
 ParOldGen       total 384512K, used 325984K [0x00000000c0000000, 0x00000000d7780000, 0x00000000eab00000)
  object space 384512K, 84% used [0x00000000c0000000,0x00000000d3e582b0,0x00000000d7780000)
 Metaspace       used 63191K, committed 64576K, reserved 1114112K
  class space    used 6614K, committed 7232K, reserved 1048576K
}
Event: 54.274 GC heap before
{Heap before GC invocations=490 (full 3):
 PSYoungGen      total 4608K, used 4122K [0x00000000eab00000, 0x00000000eb000000, 0x0000000100000000)
  eden space 3584K, 99% used [0x00000000eab00000,0x00000000eae7eac0,0x00000000eae80000)
  from space 1024K, 53% used [0x00000000eaf00000,0x00000000eaf88000,0x00000000eb000000)
  to   space 512K, 0% used [0x00000000eae80000,0x00000000eae80000,0x00000000eaf00000)
 ParOldGen       total 384512K, used 325984K [0x00000000c0000000, 0x00000000d7780000, 0x00000000eab00000)
  object space 384512K, 84% used [0x00000000c0000000,0x00000000d3e582b0,0x00000000d7780000)
 Metaspace       used 63191K, committed 64576K, reserved 1114112K
  class space    used 6614K, committed 7232K, reserved 1048576K
}
Event: 54.277 GC heap after
{Heap after GC invocations=490 (full 3):
 PSYoungGen      total 4096K, used 480K [0x00000000eab00000, 0x00000000eb000000, 0x0000000100000000)
  eden space 3584K, 0% used [0x00000000eab00000,0x00000000eab00000,0x00000000eae80000)
  from space 512K, 93% used [0x00000000eae80000,0x00000000eaef8020,0x00000000eaf00000)
  to   space 1024K, 0% used [0x00000000eaf00000,0x00000000eaf00000,0x00000000eb000000)
 ParOldGen       total 384512K, used 326656K [0x00000000c0000000, 0x00000000d7780000, 0x00000000eab00000)
  object space 384512K, 84% used [0x00000000c0000000,0x00000000d3f002b8,0x00000000d7780000)
 Metaspace       used 63191K, committed 64576K, reserved 1114112K
  class space    used 6614K, committed 7232K, reserved 1048576K
}
Event: 54.299 GC heap before
{Heap before GC invocations=491 (full 3):
 PSYoungGen      total 4096K, used 4064K [0x00000000eab00000, 0x00000000eb000000, 0x0000000100000000)
  eden space 3584K, 100% used [0x00000000eab00000,0x00000000eae80000,0x00000000eae80000)
  from space 512K, 93% used [0x00000000eae80000,0x00000000eaef8020,0x00000000eaf00000)
  to   space 1024K, 0% used [0x00000000eaf00000,0x00000000eaf00000,0x00000000eb000000)
 ParOldGen       total 384512K, used 326656K [0x00000000c0000000, 0x00000000d7780000, 0x00000000eab00000)
  object space 384512K, 84% used [0x00000000c0000000,0x00000000d3f002b8,0x00000000d7780000)
 Metaspace       used 63207K, committed 64576K, reserved 1114112K
  class space    used 6614K, committed 7232K, reserved 1048576K
}
Event: 54.302 GC heap after
{Heap after GC invocations=491 (full 3):
 PSYoungGen      total 4096K, used 512K [0x00000000eab00000, 0x00000000eb080000, 0x0000000100000000)
  eden space 3072K, 0% used [0x00000000eab00000,0x00000000eab00000,0x00000000eae00000)
  from space 1024K, 50% used [0x00000000eaf00000,0x00000000eaf80000,0x00000000eb000000)
  to   space 1024K, 0% used [0x00000000eae00000,0x00000000eae00000,0x00000000eaf00000)
 ParOldGen       total 384512K, used 327032K [0x00000000c0000000, 0x00000000d7780000, 0x00000000eab00000)
  object space 384512K, 85% used [0x00000000c0000000,0x00000000d3f5e2b8,0x00000000d7780000)
 Metaspace       used 63207K, committed 64576K, reserved 1114112K
  class space    used 6614K, committed 7232K, reserved 1048576K
}

Dll operation events (12 events):
Event: 0.045 Loaded shared library c:\Users\Lenovo\.vscode\extensions\redhat.java-1.41.1-win32-x64\jre\21.0.6-win32-x86_64\bin\java.dll
Event: 0.328 Loaded shared library c:\Users\Lenovo\.vscode\extensions\redhat.java-1.41.1-win32-x64\jre\21.0.6-win32-x86_64\bin\zip.dll
Event: 0.462 Loaded shared library C:\Users\Lenovo\.vscode\extensions\redhat.java-1.41.1-win32-x64\jre\21.0.6-win32-x86_64\bin\instrument.dll
Event: 0.509 Loaded shared library C:\Users\Lenovo\.vscode\extensions\redhat.java-1.41.1-win32-x64\jre\21.0.6-win32-x86_64\bin\net.dll
Event: 0.558 Loaded shared library C:\Users\Lenovo\.vscode\extensions\redhat.java-1.41.1-win32-x64\jre\21.0.6-win32-x86_64\bin\nio.dll
Event: 0.564 Loaded shared library C:\Users\Lenovo\.vscode\extensions\redhat.java-1.41.1-win32-x64\jre\21.0.6-win32-x86_64\bin\zip.dll
Event: 0.656 Loaded shared library C:\Users\Lenovo\.vscode\extensions\redhat.java-1.41.1-win32-x64\jre\21.0.6-win32-x86_64\bin\jimage.dll
Event: 0.855 Loaded shared library c:\Users\Lenovo\.vscode\extensions\redhat.java-1.41.1-win32-x64\jre\21.0.6-win32-x86_64\bin\verify.dll
Event: 10.413 Loaded shared library C:\Users\Lenovo\AppData\Roaming\Code\User\globalStorage\redhat.java\1.41.1\config_win\org.eclipse.equinox.launcher\org.eclipse.equinox.launcher.win32.win32.x86_64_1.2.1300.v20250331-1702\eclipse_11911.dll
Event: 28.479 Loaded shared library C:\Users\Lenovo\AppData\Local\Temp\jna--2022488749\jna14224100238818356925.dll
Event: 30.940 Loaded shared library C:\Users\Lenovo\.vscode\extensions\redhat.java-1.41.1-win32-x64\jre\21.0.6-win32-x86_64\bin\sunmscapi.dll
Event: 31.176 Loaded shared library C:\Users\Lenovo\.vscode\extensions\redhat.java-1.41.1-win32-x64\jre\21.0.6-win32-x86_64\bin\extnet.dll

Deoptimization events (20 events):
Event: 54.157 Thread 0x00000184f22c8970 DEOPT PACKING pc=0x00000184a1680f14 sp=0x000000779d8feeb0
Event: 54.157 Thread 0x00000184f22c8970 DEOPT UNPACKING pc=0x00000184a0b53aa2 sp=0x000000779d8fee70 mode 2
Event: 54.261 Thread 0x00000184f22c8970 Uncommon trap: trap_request=0xffffff45 fr.pc=0x00000184a1697590 relative=0x0000000000006cf0
Event: 54.261 Thread 0x00000184f22c8970 Uncommon trap: reason=unstable_if action=reinterpret pc=0x00000184a1697590 method=org.eclipse.jdt.internal.compiler.classfmt.ClassFileReader.<init>([B[CZ)V @ 1364 c2
Event: 54.261 Thread 0x00000184f22c8970 DEOPT PACKING pc=0x00000184a1697590 sp=0x000000779d8fece0
Event: 54.261 Thread 0x00000184f22c8970 DEOPT UNPACKING pc=0x00000184a0b53aa2 sp=0x000000779d8fecb0 mode 2
Event: 54.261 Thread 0x00000184f22c8970 Uncommon trap: trap_request=0xffffff45 fr.pc=0x00000184a16f613c relative=0x000000000000067c
Event: 54.261 Thread 0x00000184f22c8970 Uncommon trap: reason=unstable_if action=reinterpret pc=0x00000184a16f613c method=org.eclipse.jdt.internal.compiler.classfmt.ClassFileStruct.utf8At(II)[C @ 54 c2
Event: 54.261 Thread 0x00000184f22c8970 DEOPT PACKING pc=0x00000184a16f613c sp=0x000000779d8fe9a0
Event: 54.261 Thread 0x00000184f22c8970 DEOPT UNPACKING pc=0x00000184a0b53aa2 sp=0x000000779d8fe940 mode 2
Event: 54.279 Thread 0x00000184f22c8970 Uncommon trap: trap_request=0xffffff45 fr.pc=0x00000184a13fbafc relative=0x0000000000007b9c
Event: 54.280 Thread 0x00000184f22c8970 Uncommon trap: reason=unstable_if action=reinterpret pc=0x00000184a13fbafc method=org.eclipse.jdt.internal.compiler.classfmt.ClassFileReader.<init>([B[CZ)V @ 1364 c2
Event: 54.280 Thread 0x00000184f22c8970 DEOPT PACKING pc=0x00000184a13fbafc sp=0x000000779d8fece0
Event: 54.280 Thread 0x00000184f22c8970 DEOPT UNPACKING pc=0x00000184a0b53aa2 sp=0x000000779d8fecb0 mode 2
Event: 54.305 Thread 0x00000184f22c8970 DEOPT PACKING pc=0x000001849a544b33 sp=0x000000779d8fece0
Event: 54.305 Thread 0x00000184f22c8970 DEOPT UNPACKING pc=0x00000184a0b54242 sp=0x000000779d8fe1d8 mode 0
Event: 54.306 Thread 0x00000184f22c8970 Uncommon trap: trap_request=0xffffff45 fr.pc=0x00000184a153939c relative=0x00000000000008bc
Event: 54.306 Thread 0x00000184f22c8970 Uncommon trap: reason=unstable_if action=reinterpret pc=0x00000184a153939c method=org.eclipse.jdt.internal.core.index.DiskIndex.computeDocumentNames([Ljava/lang/String;[ILorg/eclipse/jdt/internal/compiler/util/SimpleLookupTable;Lorg/eclipse/jdt/internal/c
Event: 54.306 Thread 0x00000184f22c8970 DEOPT PACKING pc=0x00000184a153939c sp=0x000000779d8fed80
Event: 54.306 Thread 0x00000184f22c8970 DEOPT UNPACKING pc=0x00000184a0b53aa2 sp=0x000000779d8fece8 mode 2

Classes loaded (20 events):
Event: 46.341 Loading class java/util/stream/IntStream done
Event: 46.342 Loading class java/util/stream/IntPipeline done
Event: 46.342 Loading class java/util/stream/IntPipeline$StatelessOp done
Event: 46.342 Loading class java/util/stream/ReferencePipeline$4 done
Event: 46.342 Loading class java/util/stream/Nodes$IntFixedNodeBuilder
Event: 46.342 Loading class java/util/stream/Node$Builder$OfInt
Event: 46.343 Loading class java/util/stream/Sink$OfInt
Event: 46.343 Loading class java/util/stream/Sink$OfInt done
Event: 46.343 Loading class java/util/stream/Node$Builder$OfInt done
Event: 46.343 Loading class java/util/stream/Nodes$IntArrayNode
Event: 46.343 Loading class java/util/stream/Nodes$IntArrayNode done
Event: 46.343 Loading class java/util/stream/Nodes$IntFixedNodeBuilder done
Event: 46.343 Loading class java/util/stream/ReferencePipeline$4$1
Event: 46.344 Loading class java/util/stream/ReferencePipeline$4$1 done
Event: 46.662 Loading class jdk/internal/module/IllegalAccessLogger
Event: 46.662 Loading class jdk/internal/module/IllegalAccessLogger done
Event: 47.543 Loading class java/util/stream/IntPipeline$Head
Event: 47.543 Loading class java/util/stream/IntPipeline$Head done
Event: 47.960 Loading class java/util/stream/Streams$RangeIntSpliterator
Event: 47.961 Loading class java/util/stream/Streams$RangeIntSpliterator done

Classes unloaded (7 events):
Event: 29.232 Thread 0x000001849649ead0 Unloading class 0x00000184ac194400 'java/lang/invoke/LambdaForm$MH+0x00000184ac194400'
Event: 29.232 Thread 0x000001849649ead0 Unloading class 0x00000184ac194000 'java/lang/invoke/LambdaForm$MH+0x00000184ac194000'
Event: 29.232 Thread 0x000001849649ead0 Unloading class 0x00000184ac193c00 'java/lang/invoke/LambdaForm$MH+0x00000184ac193c00'
Event: 29.232 Thread 0x000001849649ead0 Unloading class 0x00000184ac193800 'java/lang/invoke/LambdaForm$MH+0x00000184ac193800'
Event: 29.232 Thread 0x000001849649ead0 Unloading class 0x00000184ac193400 'java/lang/invoke/LambdaForm$BMH+0x00000184ac193400'
Event: 29.232 Thread 0x000001849649ead0 Unloading class 0x00000184ac193000 'java/lang/invoke/LambdaForm$DMH+0x00000184ac193000'
Event: 29.232 Thread 0x000001849649ead0 Unloading class 0x00000184ac191c00 'java/lang/invoke/LambdaForm$DMH+0x00000184ac191c00'

Classes redefined (0 events):
No events

Internal exceptions (20 events):
Event: 45.640 Thread 0x00000184ed7d6f40 Exception <a 'java/lang/NoSuchMethodError'{0x00000000eab27458}: 'void java.lang.invoke.DirectMethodHandle$Holder.invokeStatic(java.lang.Object, int, java.lang.Object)'> (0x00000000eab27458) 
thrown [s\src\hotspot\share\interpreter\linkResolver.cpp, line 773]
Event: 45.764 Thread 0x00000184f22ccb10 Exception <a 'java/lang/NoSuchMethodError'{0x00000000eab3dda8}: 'java.lang.Object java.lang.invoke.DirectMethodHandle$Holder.newInvokeSpecial(java.lang.Object, java.lang.Object, int, int, java.lang.Object)'> (0x00000000eab3dda8) 
thrown [s\src\hotspot\share\interpreter\linkResolver.cpp, line 773]
Event: 46.336 Thread 0x00000184f22c8970 Exception <a 'sun/nio/fs/WindowsException'{0x00000000eab8b5c8}> (0x00000000eab8b5c8) 
thrown [s\src\hotspot\share\prims\jni.cpp, line 520]
Event: 46.482 Thread 0x00000184f22ccb10 Exception <a 'sun/nio/fs/WindowsException'{0x00000000eab68a68}> (0x00000000eab68a68) 
thrown [s\src\hotspot\share\prims\jni.cpp, line 520]
Event: 46.484 Thread 0x00000184f4c3d0e0 Exception <a 'sun/nio/fs/WindowsException'{0x00000000eab6b810}> (0x00000000eab6b810) 
thrown [s\src\hotspot\share\prims\jni.cpp, line 520]
Event: 46.484 Thread 0x00000184f4c3d0e0 Exception <a 'sun/nio/fs/WindowsException'{0x00000000eab6cb50}> (0x00000000eab6cb50) 
thrown [s\src\hotspot\share\prims\jni.cpp, line 520]
Event: 46.566 Thread 0x00000184f22c8970 Exception <a 'sun/nio/fs/WindowsException'{0x00000000eab1ec30}> (0x00000000eab1ec30) 
thrown [s\src\hotspot\share\prims\jni.cpp, line 520]
Event: 46.697 Thread 0x00000184f22ccb10 Exception <a 'sun/nio/fs/WindowsException'{0x00000000eabeb238}> (0x00000000eabeb238) 
thrown [s\src\hotspot\share\prims\jni.cpp, line 520]
Event: 46.697 Thread 0x00000184f22ccb10 Exception <a 'sun/nio/fs/WindowsException'{0x00000000eabeb950}> (0x00000000eabeb950) 
thrown [s\src\hotspot\share\prims\jni.cpp, line 520]
Event: 46.776 Thread 0x00000184f22c8970 Exception <a 'sun/nio/fs/WindowsException'{0x00000000eab36930}> (0x00000000eab36930) 
thrown [s\src\hotspot\share\prims\jni.cpp, line 520]
Event: 47.544 Thread 0x00000184f22ccb10 Exception <a 'java/lang/NoSuchMethodError'{0x00000000eab25cb0}: 'void java.lang.invoke.DirectMethodHandle$Holder.invokeStatic(java.lang.Object, java.lang.Object, java.lang.Object, int)'> (0x00000000eab25cb0) 
thrown [s\src\hotspot\share\interpreter\linkResolver.cpp, line 773]
Event: 47.555 Thread 0x00000184f22ccb10 Exception <a 'java/lang/NoSuchMethodError'{0x00000000eab74ed0}: 'void java.lang.invoke.DirectMethodHandle$Holder.invokeVirtual(java.lang.Object, java.lang.Object, int)'> (0x00000000eab74ed0) 
thrown [s\src\hotspot\share\interpreter\linkResolver.cpp, line 773]
Event: 47.897 Thread 0x00000184f22c8970 Exception <a 'sun/nio/fs/WindowsException'{0x00000000eab7cca0}> (0x00000000eab7cca0) 
thrown [s\src\hotspot\share\prims\jni.cpp, line 520]
Event: 48.923 Thread 0x00000184f22c8970 Exception <a 'sun/nio/fs/WindowsException'{0x00000000eab566c8}> (0x00000000eab566c8) 
thrown [s\src\hotspot\share\prims\jni.cpp, line 520]
Event: 50.334 Thread 0x00000184f22c8970 Exception <a 'sun/nio/fs/WindowsException'{0x00000000eabf4240}> (0x00000000eabf4240) 
thrown [s\src\hotspot\share\prims\jni.cpp, line 520]
Event: 50.518 Thread 0x00000184f22c8970 Exception <a 'sun/nio/fs/WindowsException'{0x00000000eab0e870}> (0x00000000eab0e870) 
thrown [s\src\hotspot\share\prims\jni.cpp, line 520]
Event: 51.006 Thread 0x00000184f22c8970 Exception <a 'sun/nio/fs/WindowsException'{0x00000000eac44428}> (0x00000000eac44428) 
thrown [s\src\hotspot\share\prims\jni.cpp, line 520]
Event: 52.962 Thread 0x00000184f22c8970 Exception <a 'sun/nio/fs/WindowsException'{0x00000000eabd5888}> (0x00000000eabd5888) 
thrown [s\src\hotspot\share\prims\jni.cpp, line 520]
Event: 53.212 Thread 0x00000184f22c8970 Exception <a 'sun/nio/fs/WindowsException'{0x00000000eace0fc0}> (0x00000000eace0fc0) 
thrown [s\src\hotspot\share\prims\jni.cpp, line 520]
Event: 53.627 Thread 0x00000184f22c8970 Exception <a 'sun/nio/fs/WindowsException'{0x00000000eab2fe48}> (0x00000000eab2fe48) 
thrown [s\src\hotspot\share\prims\jni.cpp, line 520]

ZGC Phase Switch (0 events):
No events

VM Operations (20 events):
Event: 54.109 Executing VM operation: ParallelGCFailedAllocation (Allocation Failure)
Event: 54.114 Executing VM operation: ParallelGCFailedAllocation (Allocation Failure) done
Event: 54.126 Executing VM operation: ParallelGCFailedAllocation (Allocation Failure)
Event: 54.129 Executing VM operation: ParallelGCFailedAllocation (Allocation Failure) done
Event: 54.142 Executing VM operation: ParallelGCFailedAllocation (Allocation Failure)
Event: 54.148 Executing VM operation: ParallelGCFailedAllocation (Allocation Failure) done
Event: 54.175 Executing VM operation: ParallelGCFailedAllocation (Allocation Failure)
Event: 54.180 Executing VM operation: ParallelGCFailedAllocation (Allocation Failure) done
Event: 54.194 Executing VM operation: ParallelGCFailedAllocation (Allocation Failure)
Event: 54.195 Executing VM operation: ParallelGCFailedAllocation (Allocation Failure) done
Event: 54.196 Executing VM operation: ParallelGCFailedAllocation (Allocation Failure)
Event: 54.201 Executing VM operation: ParallelGCFailedAllocation (Allocation Failure) done
Event: 54.221 Executing VM operation: ParallelGCFailedAllocation (Allocation Failure)
Event: 54.225 Executing VM operation: ParallelGCFailedAllocation (Allocation Failure) done
Event: 54.237 Executing VM operation: ParallelGCFailedAllocation (Allocation Failure)
Event: 54.245 Executing VM operation: ParallelGCFailedAllocation (Allocation Failure) done
Event: 54.265 Executing VM operation: ParallelGCFailedAllocation (Allocation Failure)
Event: 54.277 Executing VM operation: ParallelGCFailedAllocation (Allocation Failure) done
Event: 54.299 Executing VM operation: ParallelGCFailedAllocation (Allocation Failure)
Event: 54.302 Executing VM operation: ParallelGCFailedAllocation (Allocation Failure) done

Memory protections (0 events):
No events

Nmethod flushes (20 events):
Event: 44.976 Thread 0x000001849649ead0 flushing  nmethod 0x0000018499e62790
Event: 44.976 Thread 0x000001849649ead0 flushing  nmethod 0x0000018499e62b90
Event: 44.976 Thread 0x000001849649ead0 flushing  nmethod 0x0000018499e9cb10
Event: 44.976 Thread 0x000001849649ead0 flushing osr nmethod 0x0000018499e9d990
Event: 44.976 Thread 0x000001849649ead0 flushing osr nmethod 0x0000018499eb6090
Event: 44.976 Thread 0x000001849649ead0 flushing  nmethod 0x0000018499ec4a90
Event: 44.976 Thread 0x000001849649ead0 flushing  nmethod 0x0000018499ed1190
Event: 44.976 Thread 0x000001849649ead0 flushing  nmethod 0x0000018499edda90
Event: 44.976 Thread 0x000001849649ead0 flushing  nmethod 0x0000018499ee2d10
Event: 44.976 Thread 0x000001849649ead0 flushing  nmethod 0x0000018499ee5290
Event: 44.976 Thread 0x000001849649ead0 flushing  nmethod 0x0000018499ee6b10
Event: 44.976 Thread 0x000001849649ead0 flushing  nmethod 0x0000018499eeb090
Event: 44.976 Thread 0x000001849649ead0 flushing  nmethod 0x0000018499eebe10
Event: 44.976 Thread 0x000001849649ead0 flushing  nmethod 0x0000018499eee110
Event: 44.976 Thread 0x000001849649ead0 flushing  nmethod 0x0000018499ef2110
Event: 44.976 Thread 0x000001849649ead0 flushing  nmethod 0x0000018499ef6e90
Event: 44.976 Thread 0x000001849649ead0 flushing  nmethod 0x0000018499f17310
Event: 44.976 Thread 0x000001849649ead0 flushing  nmethod 0x0000018499f1ad90
Event: 44.976 Thread 0x000001849649ead0 flushing  nmethod 0x0000018499f5c010
Event: 44.976 Thread 0x000001849649ead0 flushing  nmethod 0x0000018499f5c310

Events (20 events):
Event: 43.754 Thread 0x00000184f4c40560 Thread added: 0x00000184f4c3e490
Event: 43.755 Thread 0x00000184f4c3fed0 Thread added: 0x00000184f4c41910
Event: 43.755 Thread 0x00000184f4c40bf0 Thread added: 0x00000184f4c3eb20
Event: 43.755 Thread 0x00000184f4c40560 Thread added: 0x00000184f4c41fa0
Event: 43.757 Thread 0x00000184f4c3fed0 Thread added: 0x00000184f4c3d0e0
Event: 43.787 Thread 0x00000184f22ccb10 Thread added: 0x00000184f4c3b6a0
Event: 43.787 Thread 0x00000184f22ccb10 Thread added: 0x00000184f4c3ca50
Event: 43.787 Thread 0x00000184f22ccb10 Thread added: 0x00000184f4c3de00
Event: 43.787 Thread 0x00000184f22ccb10 Thread added: 0x00000184ed8e8a50
Event: 43.787 Thread 0x00000184f22ccb10 Thread added: 0x00000184ed7d4150
Event: 43.787 Thread 0x00000184f22ccb10 Thread added: 0x00000184ed7d4e70
Event: 45.279 Thread 0x00000184f3d57350 Thread exited: 0x00000184f3d57350
Event: 45.521 Thread 0x00000184f22ccb10 Thread added: 0x00000184ed7d6f40
Event: 45.766 Thread 0x00000184f22ccb10 Thread added: 0x00000184ed7d6220
Event: 45.786 Thread 0x00000184f22ccb10 Thread added: 0x00000184ed7d47e0
Event: 45.810 Thread 0x00000184f22ccb10 Thread added: 0x00000184ed7d75d0
Event: 46.323 Thread 0x00000184f22ccb10 Thread added: 0x00000184ed7d5b90
Event: 46.366 Thread 0x00000184f22ccb10 Thread added: 0x00000184ed7d68b0
Event: 46.366 Thread 0x00000184f22ccb10 Thread added: 0x00000184f40b2200
Event: 49.568 Thread 0x00000184f4c3c3c0 Thread exited: 0x00000184f4c3c3c0


Dynamic libraries:
0x00007ff794f70000 - 0x00007ff794f7e000 	c:\Users\Lenovo\.vscode\extensions\redhat.java-1.41.1-win32-x64\jre\21.0.6-win32-x86_64\bin\java.exe
0x00007ff8c1ed0000 - 0x00007ff8c20e7000 	C:\Windows\SYSTEM32\ntdll.dll
0x00007ff8c0740000 - 0x00007ff8c0804000 	C:\Windows\System32\KERNEL32.DLL
0x00007ff8bf4c0000 - 0x00007ff8bf893000 	C:\Windows\System32\KERNELBASE.dll
0x00007ff8befc0000 - 0x00007ff8bf0d1000 	C:\Windows\System32\ucrtbase.dll
0x00007ff8a9710000 - 0x00007ff8a9728000 	c:\Users\Lenovo\.vscode\extensions\redhat.java-1.41.1-win32-x64\jre\21.0.6-win32-x86_64\bin\jli.dll
0x00007ff8c0c40000 - 0x00007ff8c0df1000 	C:\Windows\System32\USER32.dll
0x00007ff8bf360000 - 0x00007ff8bf386000 	C:\Windows\System32\win32u.dll
0x00007ff8bfee0000 - 0x00007ff8bff09000 	C:\Windows\System32\GDI32.dll
0x00007ff8bf390000 - 0x00007ff8bf4b2000 	C:\Windows\System32\gdi32full.dll
0x00007ff8bf920000 - 0x00007ff8bf9ba000 	C:\Windows\System32\msvcp_win.dll
0x00007ff8984e0000 - 0x00007ff8984fe000 	c:\Users\Lenovo\.vscode\extensions\redhat.java-1.41.1-win32-x64\jre\21.0.6-win32-x86_64\bin\VCRUNTIME140.dll
0x00007ff8a9bd0000 - 0x00007ff8a9e6b000 	C:\Windows\WinSxS\amd64_microsoft.windows.common-controls_6595b64144ccf1df_6.0.22621.5262_none_2712bde373830908\COMCTL32.dll
0x00007ff8c1a30000 - 0x00007ff8c1ad7000 	C:\Windows\System32\msvcrt.dll
0x00007ff8c1ae0000 - 0x00007ff8c1b11000 	C:\Windows\System32\IMM32.DLL
0x00007ff89b4c0000 - 0x00007ff89b4cc000 	c:\Users\Lenovo\.vscode\extensions\redhat.java-1.41.1-win32-x64\jre\21.0.6-win32-x86_64\bin\vcruntime140_1.dll
0x00007ff884a40000 - 0x00007ff884acd000 	c:\Users\Lenovo\.vscode\extensions\redhat.java-1.41.1-win32-x64\jre\21.0.6-win32-x86_64\bin\msvcp140.dll
0x00007fffe7dd0000 - 0x00007fffe8b60000 	c:\Users\Lenovo\.vscode\extensions\redhat.java-1.41.1-win32-x64\jre\21.0.6-win32-x86_64\bin\server\jvm.dll
0x00007ff8bfc80000 - 0x00007ff8bfd31000 	C:\Windows\System32\ADVAPI32.dll
0x00007ff8bfb60000 - 0x00007ff8bfc07000 	C:\Windows\System32\sechost.dll
0x00007ff8bfb30000 - 0x00007ff8bfb58000 	C:\Windows\System32\bcrypt.dll
0x00007ff8c1d50000 - 0x00007ff8c1e64000 	C:\Windows\System32\RPCRT4.dll
0x00007ff8c0810000 - 0x00007ff8c0881000 	C:\Windows\System32\WS2_32.dll
0x00007ff8bee90000 - 0x00007ff8beedd000 	C:\Windows\SYSTEM32\POWRPROF.dll
0x00007ff8b9770000 - 0x00007ff8b97a4000 	C:\Windows\SYSTEM32\WINMM.dll
0x00007ff8bcbe0000 - 0x00007ff8bcbea000 	C:\Windows\SYSTEM32\VERSION.dll
0x00007ff8bee70000 - 0x00007ff8bee83000 	C:\Windows\SYSTEM32\UMPDC.dll
0x00007ff8bdf60000 - 0x00007ff8bdf78000 	C:\Windows\SYSTEM32\kernel.appcore.dll
0x00007ff89afd0000 - 0x00007ff89afda000 	c:\Users\Lenovo\.vscode\extensions\redhat.java-1.41.1-win32-x64\jre\21.0.6-win32-x86_64\bin\jimage.dll
0x00007ff8b69f0000 - 0x00007ff8b6c22000 	C:\Windows\SYSTEM32\DBGHELP.DLL
0x00007ff8c08a0000 - 0x00007ff8c0c33000 	C:\Windows\System32\combase.dll
0x00007ff8bfdf0000 - 0x00007ff8bfec7000 	C:\Windows\System32\OLEAUT32.dll
0x00007ff8b2940000 - 0x00007ff8b2972000 	C:\Windows\SYSTEM32\dbgcore.DLL
0x00007ff8bf0e0000 - 0x00007ff8bf15b000 	C:\Windows\System32\bcryptPrimitives.dll
0x00007ff89a9a0000 - 0x00007ff89a9af000 	c:\Users\Lenovo\.vscode\extensions\redhat.java-1.41.1-win32-x64\jre\21.0.6-win32-x86_64\bin\instrument.dll
0x00007ff897c20000 - 0x00007ff897c3f000 	c:\Users\Lenovo\.vscode\extensions\redhat.java-1.41.1-win32-x64\jre\21.0.6-win32-x86_64\bin\java.dll
0x00007ff8c1030000 - 0x00007ff8c18cd000 	C:\Windows\System32\SHELL32.dll
0x00007ff8bf160000 - 0x00007ff8bf29f000 	C:\Windows\System32\wintypes.dll
0x00007ff8bceb0000 - 0x00007ff8bd7cd000 	C:\Windows\SYSTEM32\windows.storage.dll
0x00007ff8c1be0000 - 0x00007ff8c1ceb000 	C:\Windows\System32\SHCORE.dll
0x00007ff8bfc10000 - 0x00007ff8bfc76000 	C:\Windows\System32\shlwapi.dll
0x00007ff8beef0000 - 0x00007ff8bef1b000 	C:\Windows\SYSTEM32\profapi.dll
0x00007ff897530000 - 0x00007ff897548000 	c:\Users\Lenovo\.vscode\extensions\redhat.java-1.41.1-win32-x64\jre\21.0.6-win32-x86_64\bin\zip.dll
0x00007ff89a8d0000 - 0x00007ff89a8e0000 	C:\Users\Lenovo\.vscode\extensions\redhat.java-1.41.1-win32-x64\jre\21.0.6-win32-x86_64\bin\net.dll
0x00007ff8b9f10000 - 0x00007ff8ba03c000 	C:\Windows\SYSTEM32\WINHTTP.dll
0x00007ff8be430000 - 0x00007ff8be49a000 	C:\Windows\system32\mswsock.dll
0x00007ff896fa0000 - 0x00007ff896fb6000 	C:\Users\Lenovo\.vscode\extensions\redhat.java-1.41.1-win32-x64\jre\21.0.6-win32-x86_64\bin\nio.dll
0x00007ff89a460000 - 0x00007ff89a470000 	c:\Users\Lenovo\.vscode\extensions\redhat.java-1.41.1-win32-x64\jre\21.0.6-win32-x86_64\bin\verify.dll
0x00007ff8a9480000 - 0x00007ff8a94c5000 	C:\Users\Lenovo\AppData\Roaming\Code\User\globalStorage\redhat.java\1.41.1\config_win\org.eclipse.equinox.launcher\org.eclipse.equinox.launcher.win32.win32.x86_64_1.2.1300.v20250331-1702\eclipse_11911.dll
0x00007ff8c0e00000 - 0x00007ff8c0fa1000 	C:\Windows\System32\ole32.dll
0x00007ff8be780000 - 0x00007ff8be79b000 	C:\Windows\SYSTEM32\CRYPTSP.dll
0x00007ff8bdf20000 - 0x00007ff8bdf57000 	C:\Windows\system32\rsaenh.dll
0x00007ff8be4d0000 - 0x00007ff8be4f8000 	C:\Windows\SYSTEM32\USERENV.dll
0x00007ff8be760000 - 0x00007ff8be76c000 	C:\Windows\SYSTEM32\CRYPTBASE.dll
0x00007ff8bda30000 - 0x00007ff8bda5d000 	C:\Windows\SYSTEM32\IPHLPAPI.DLL
0x00007ff8c0890000 - 0x00007ff8c0899000 	C:\Windows\System32\NSI.dll
0x00007ff873b20000 - 0x00007ff873b69000 	C:\Users\Lenovo\AppData\Local\Temp\jna--2022488749\jna14224100238818356925.dll
0x00007ff8c01a0000 - 0x00007ff8c01a8000 	C:\Windows\System32\PSAPI.DLL
0x00007ff8b9a30000 - 0x00007ff8b9a49000 	C:\Windows\SYSTEM32\dhcpcsvc6.DLL
0x00007ff8b9a10000 - 0x00007ff8b9a2f000 	C:\Windows\SYSTEM32\dhcpcsvc.DLL
0x00007ff8a9ef0000 - 0x00007ff8a9efe000 	C:\Users\Lenovo\.vscode\extensions\redhat.java-1.41.1-win32-x64\jre\21.0.6-win32-x86_64\bin\sunmscapi.dll
0x00007ff8bf9c0000 - 0x00007ff8bfb27000 	C:\Windows\System32\CRYPT32.dll
0x00007ff8be890000 - 0x00007ff8be8bd000 	C:\Windows\SYSTEM32\ncrypt.dll
0x00007ff8be850000 - 0x00007ff8be887000 	C:\Windows\SYSTEM32\NTASN1.dll
0x00007ff8bdaa0000 - 0x00007ff8bdb98000 	C:\Windows\SYSTEM32\DNSAPI.dll
0x00007ff8ba090000 - 0x00007ff8ba09a000 	C:\Windows\System32\rasadhlp.dll
0x00007ff8b75d0000 - 0x00007ff8b7653000 	C:\Windows\System32\fwpuclnt.dll
0x00007ff8a9740000 - 0x00007ff8a9749000 	C:\Users\Lenovo\.vscode\extensions\redhat.java-1.41.1-win32-x64\jre\21.0.6-win32-x86_64\bin\extnet.dll

dbghelp: loaded successfully - version: 4.0.5 - missing functions: none
symbol engine: initialized successfully - sym options: 0x614 - pdb path: .;c:\Users\Lenovo\.vscode\extensions\redhat.java-1.41.1-win32-x64\jre\21.0.6-win32-x86_64\bin;C:\Windows\SYSTEM32;C:\Windows\WinSxS\amd64_microsoft.windows.common-controls_6595b64144ccf1df_6.0.22621.5262_none_2712bde373830908;c:\Users\Lenovo\.vscode\extensions\redhat.java-1.41.1-win32-x64\jre\21.0.6-win32-x86_64\bin\server;C:\Users\Lenovo\AppData\Roaming\Code\User\globalStorage\redhat.java\1.41.1\config_win\org.eclipse.equinox.launcher\org.eclipse.equinox.launcher.win32.win32.x86_64_1.2.1300.v20250331-1702;C:\Users\Lenovo\AppData\Local\Temp\jna--2022488749

VM Arguments:
jvm_args: --add-modules=ALL-SYSTEM --add-opens=java.base/java.util=ALL-UNNAMED --add-opens=java.base/java.lang=ALL-UNNAMED --add-opens=java.base/sun.nio.fs=ALL-UNNAMED -Declipse.application=org.eclipse.jdt.ls.core.id1 -Dosgi.bundles.defaultStartLevel=4 -Declipse.product=org.eclipse.jdt.ls.core.product -Djava.import.generatesMetadataFilesAtProjectRoot=false -DDetectVMInstallationsJob.disabled=true -Dfile.encoding=utf8 -XX:+UseParallelGC -XX:GCTimeRatio=4 -XX:AdaptiveSizePolicyWeight=90 -Dsun.zip.disableMemoryMapping=true -Xmx1G -Xms100m -Xlog:disable -javaagent:c:\Users\Lenovo\.vscode\extensions\redhat.java-1.41.1-win32-x64\lombok\lombok-1.18.36.jar -XX:+HeapDumpOnOutOfMemoryError -XX:HeapDumpPath=c:\Users\Lenovo\AppData\Roaming\Code\User\workspaceStorage\e65baae49fc2af545f20d3d18a518dec\redhat.java -Daether.dependencyCollector.impl=bf 
java_command: c:\Users\Lenovo\.vscode\extensions\redhat.java-1.41.1-win32-x64\server\plugins\org.eclipse.equinox.launcher_1.7.0.v20250331-1702.jar -configuration c:\Users\Lenovo\AppData\Roaming\Code\User\globalStorage\redhat.java\1.41.1\config_win -data c:\Users\Lenovo\AppData\Roaming\Code\User\workspaceStorage\e65baae49fc2af545f20d3d18a518dec\redhat.java\jdt_ws --pipe=\\.\pipe\lsp-63d6735480591c27b306f513dad6a168-sock
java_class_path (initial): c:\Users\Lenovo\.vscode\extensions\redhat.java-1.41.1-win32-x64\server\plugins\org.eclipse.equinox.launcher_1.7.0.v20250331-1702.jar
Launcher Type: SUN_STANDARD

[Global flags]
    uintx AdaptiveSizePolicyWeight                 = 90                                        {product} {command line}
     intx CICompilerCount                          = 4                                         {product} {ergonomic}
    uintx GCTimeRatio                              = 4                                         {product} {command line}
     bool HeapDumpOnOutOfMemoryError               = true                                   {manageable} {command line}
    ccstr HeapDumpPath                             = c:\Users\Lenovo\AppData\Roaming\Code\User\workspaceStorage\e65baae49fc2af545f20d3d18a518dec\redhat.java         {manageable} {command line}
   size_t InitialHeapSize                          = 104857600                                 {product} {command line}
   size_t MaxHeapSize                              = 1073741824                                {product} {command line}
   size_t MaxNewSize                               = 357564416                                 {product} {ergonomic}
   size_t MinHeapDeltaBytes                        = 524288                                    {product} {ergonomic}
   size_t MinHeapSize                              = 104857600                                 {product} {command line}
   size_t NewSize                                  = 34603008                                  {product} {ergonomic}
    uintx NonNMethodCodeHeapSize                   = 5839372                                {pd product} {ergonomic}
    uintx NonProfiledCodeHeapSize                  = 122909434                              {pd product} {ergonomic}
   size_t OldSize                                  = 70254592                                  {product} {ergonomic}
    uintx ProfiledCodeHeapSize                     = 122909434                              {pd product} {ergonomic}
    uintx ReservedCodeCacheSize                    = 251658240                              {pd product} {ergonomic}
     bool SegmentedCodeCache                       = true                                      {product} {ergonomic}
   size_t SoftMaxHeapSize                          = 1073741824                             {manageable} {ergonomic}
     bool UseCompressedOops                        = true                           {product lp64_product} {ergonomic}
     bool UseLargePagesIndividualAllocation        = false                                  {pd product} {ergonomic}
     bool UseParallelGC                            = true                                      {product} {command line}

Logging:
Log output configuration:
 #0: stdout all=off uptime,level,tags foldmultilines=false
 #1: stderr all=off uptime,level,tags foldmultilines=false

Environment Variables:
JAVA_HOME=C:\Program Files\Eclipse Adoptium\jdk-17.0.15.6-hotspot\
PATH=C:\Program Files\Eclipse Adoptium\jdk-17.0.15.6-hotspot\bin;C:\Program Files\FireDaemon OpenSSL 3\bin\;C:\Program Files (x86)\Common Files\Oracle\Java\javapath;C:\Windows\system32;C:\Windows;C:\Windows\System32\Wbem;C:\Windows\System32\WindowsPowerShell\v1.0\;C:\Windows\System32\OpenSSH\;C:\Program Files\Docker\Docker\resources\bin;C:\Program Files\nodejs\;C:\ProgramData\chocolatey\bin;C:\Program Files\Git\cmd;C:\ProgramData\chocolatey\lib\maven\apache-maven-3.9.9\bin;C:\Program Files\RedHat\java-17-openjdk-17.0.15.0.6-1\bin;C:\Program Files\PowerShell\7\;C:\Program Files\MySQL\MySQL Shell 8.0\bin\;C:\Users\Lenovo\AppData\Local\Microsoft\WindowsApps;C:\Users\Lenovo\AppData\Local\Programs\Microsoft VS Code\bin;C:\Users\Lenovo\AppData\Roaming\npm
USERNAME=Lenovo
OS=Windows_NT
PROCESSOR_IDENTIFIER=AMD64 Family 25 Model 80 Stepping 0, AuthenticAMD
TMP=C:\Users\Lenovo\AppData\Local\Temp
TEMP=C:\Users\Lenovo\AppData\Local\Temp




Periodic native trim disabled

---------------  S Y S T E M  ---------------

OS:
 Windows 11 , 64 bit Build 22621 (10.0.22621.5262)
OS uptime: 9 days 5:09 hours
Hyper-V role detected

CPU: total 8 (initial active 8) (8 cores per cpu, 2 threads per core) family 25 model 80 stepping 0 microcode 0x0, cx8, cmov, fxsr, ht, mmx, 3dnowpref, sse, sse2, sse3, ssse3, sse4a, sse4.1, sse4.2, popcnt, lzcnt, tsc, tscinvbit, avx, avx2, aes, erms, clmul, bmi1, bmi2, adx, sha, fma, vzeroupper, clflush, clflushopt, hv, rdtscp, rdpid, fsrm, f16c, cet_ss
Processor Information for the first 8 processors :
  Max Mhz: 3301, Current Mhz: 3301, Mhz Limit: 3301

Memory: 4k page, system-wide physical 5996M (52M free)
TotalPageFile size 24428M (AvailPageFile size 6M)
current process WorkingSet (physical memory assigned to process): 348M, peak: 699M
current process commit charge ("private bytes"): 619M, peak: 637M

vm_info: OpenJDK 64-Bit Server VM (21.0.6+7-LTS) for windows-amd64 JRE (21.0.6+7-LTS), built on 2025-01-21T00:00:00Z by "admin" with MS VC++ 17.7 (VS2022)

END.
