#
# There is insufficient memory for the Java Runtime Environment to continue.
# Native memory allocation (malloc) failed to allocate 796016 bytes. Error detail: Chunk::new
# Possible reasons:
#   The system is out of physical RAM or swap space
#   This process is running with CompressedOops enabled, and the Java Heap may be blocking the growth of the native heap
# Possible solutions:
#   Reduce memory load on the system
#   Increase physical memory or swap space
#   Check if swap backing store is full
#   Decrease Java heap size (-Xmx/-Xms)
#   Decrease number of Java threads
#   Decrease Java thread stack sizes (-Xss)
#   Set larger code cache with -XX:ReservedCodeCacheSize=
#   JVM is running with Unscaled Compressed Oops mode in which the Java heap is
#     placed in the first 4GB address space. The Java Heap base address is the
#     maximum limit for the native heap growth. Please use -XX:HeapBaseMinAddress
#     to set the Java Heap base and to place the Java Heap above 4GB virtual address.
# This output file may be truncated or incomplete.
#
#  Out of Memory Error (arena.cpp:168), pid=18828, tid=7636
#
# JRE version: OpenJDK Runtime Environment Temurin-21.0.7+6 (21.0.7+6) (build 21.0.7+6-LTS)
# Java VM: OpenJDK 64-Bit Server VM Temurin-21.0.7+6 (21.0.7+6-LTS, mixed mode, sharing, tiered, compressed oops, compressed class ptrs, parallel gc, windows-amd64)
# No core dump will be written. Minidumps are not enabled by default on client versions of Windows
#

---------------  S U M M A R Y ------------

Command Line: --add-modules=ALL-SYSTEM --add-opens=java.base/java.util=ALL-UNNAMED --add-opens=java.base/java.lang=ALL-UNNAMED --add-opens=java.base/sun.nio.fs=ALL-UNNAMED -Declipse.application=org.eclipse.jdt.ls.core.id1 -Dosgi.bundles.defaultStartLevel=4 -Declipse.product=org.eclipse.jdt.ls.core.product -Djava.import.generatesMetadataFilesAtProjectRoot=false -DDetectVMInstallationsJob.disabled=true -Dfile.encoding=utf8 -XX:+UseParallelGC -XX:GCTimeRatio=4 -XX:AdaptiveSizePolicyWeight=90 -Dsun.zip.disableMemoryMapping=true -Xmx1G -Xms100m -Xlog:disable -javaagent:c:\Users\Lenovo\.vscode\extensions\redhat.java-1.42.0-win32-x64\lombok\lombok-1.18.36.jar -XX:+HeapDumpOnOutOfMemoryError -XX:HeapDumpPath=c:\Users\Lenovo\AppData\Roaming\Code\User\workspaceStorage\af2f7b487144cc2e2816302a5f9a9b1c\redhat.java -Daether.dependencyCollector.impl=bf c:\Users\Lenovo\.vscode\extensions\redhat.java-1.42.0-win32-x64\server\plugins\org.eclipse.equinox.launcher_1.7.0.v20250424-1814.jar -configuration c:\Users\Lenovo\AppData\Roaming\Code\User\globalStorage\redhat.java\1.42.0\config_win -data c:\Users\Lenovo\AppData\Roaming\Code\User\workspaceStorage\af2f7b487144cc2e2816302a5f9a9b1c\redhat.java\jdt_ws --pipe=\\.\pipe\lsp-f560eaafc3b8c582e67096fc234523a4-sock

Host: AMD Ryzen 5 5500H with Radeon Graphics         , 8 cores, 5G,  Windows 11 , 64 bit Build 22621 (10.0.22621.5262)
Time: Sun May 25 12:49:30 2025 Paris, Madrid (heure duild 22621 (10.0.22621.5262) elapsed time: 65.635723 seconds (0d 0h 1m 5s)

---------------  T H R E A D  ---------------

Current thread (0x0000022ae2a196b0):  JavaThread "C2 CompilerThread2" daemon [_thread_in_native, id=7636, stack(0x000000ce04900000,0x000000ce04a00000) (1024K)]


Current CompileTask:
C2:65635 11358   !   4       org.eclipse.jdt.internal.core.search.indexing.AddJrtToIndex$JrtIndexer::visitFile (133 bytes)

Stack: [0x000000ce04900000,0x000000ce04a00000]
Native frames: (J=compiled Java code, j=interpreted, Vv=VM code, C=native code)
V  [jvm.dll+0x6ce119]
V  [jvm.dll+0x8a84a1]
V  [jvm.dll+0x8aa9ce]
V  [jvm.dll+0x8ab0b3]
V  [jvm.dll+0x27f8a6]
V  [jvm.dll+0xc507d]
V  [jvm.dll+0xc55b3]
V  [jvm.dll+0x3b68f2]
V  [jvm.dll+0x1dfe33]
V  [jvm.dll+0x247c42]
V  [jvm.dll+0x2470cf]
V  [jvm.dll+0x1c760e]
V  [jvm.dll+0x25695a]
V  [jvm.dll+0x254efa]
V  [jvm.dll+0x3f03f6]
V  [jvm.dll+0x851f6b]
V  [jvm.dll+0x6cc7dd]
C  [ucrtbase.dll+0x29333]
C  [KERNEL32.DLL+0x1259d]
C  [ntdll.dll+0x5af58]


---------------  P R O C E S S  ---------------

Threads class SMR info:
_java_thread_list=0x0000022ae4b5eb90, length=61, elements={
0x0000022ac4315ea0, 0x0000022ada95df80, 0x0000022ada9606f0, 0x0000022ada962990,
0x0000022ada9638a0, 0x0000022ada967190, 0x0000022ada96e040, 0x0000022ada97e0e0,
0x0000022ada980970, 0x0000022ada96cc90, 0x0000022ada96d320, 0x0000022ada96b8e0,
0x0000022ada96d9b0, 0x0000022ada96abc0, 0x0000022ada96c600, 0x0000022ada96bf70,
0x0000022ae1386390, 0x0000022ae1389180, 0x0000022ae1382880, 0x0000022ae1387dd0,
0x0000022ae1385670, 0x0000022ae1386a20, 0x0000022ae1385d00, 0x0000022ae13870b0,
0x0000022ae13842c0, 0x0000022ae1387740, 0x0000022ae1388460, 0x0000022ae1388af0,
0x0000022ae13835a0, 0x0000022ae1383c30, 0x0000022ae1384950, 0x0000022ae13821f0,
0x0000022ae1389810, 0x0000022ae1382f10, 0x0000022ae1643d30, 0x0000022ae163d430,
0x0000022ae1644a50, 0x0000022ae1641c60, 0x0000022ae163dac0, 0x0000022ae163f500,
0x0000022ae163e7e0, 0x0000022ae163e150, 0x0000022ae163ee70, 0x0000022ae16415d0,
0x0000022ae163fb90, 0x0000022ae16443c0, 0x0000022ae1640220, 0x0000022ae16408b0,
0x0000022ae1640f40, 0x0000022ae16422f0, 0x0000022ae1642980, 0x0000022ae3b572b0,
0x0000022ae3b57940, 0x0000022ae3b55f00, 0x0000022ae3b551e0, 0x0000022ae3b523f0,
0x0000022ae3b55870, 0x0000022ae3b58cf0, 0x0000022ae3455f80, 0x0000022ae2a196b0,
0x0000022ae3b58660
}

Java Threads: ( => current thread )
  0x0000022ac4315ea0 JavaThread "main"                              [_thread_blocked, id=23092, stack(0x000000ce00400000,0x000000ce00500000) (1024K)]
  0x0000022ada95df80 JavaThread "Reference Handler"          daemon [_thread_blocked, id=23424, stack(0x000000ce00800000,0x000000ce00900000) (1024K)]
  0x0000022ada9606f0 JavaThread "Finalizer"                  daemon [_thread_blocked, id=21972, stack(0x000000ce00900000,0x000000ce00a00000) (1024K)]
  0x0000022ada962990 JavaThread "Signal Dispatcher"          daemon [_thread_blocked, id=22448, stack(0x000000ce00a00000,0x000000ce00b00000) (1024K)]
  0x0000022ada9638a0 JavaThread "Attach Listener"            daemon [_thread_blocked, id=11516, stack(0x000000ce00b00000,0x000000ce00c00000) (1024K)]
  0x0000022ada967190 JavaThread "Service Thread"             daemon [_thread_blocked, id=13936, stack(0x000000ce00c00000,0x000000ce00d00000) (1024K)]
  0x0000022ada96e040 JavaThread "Monitor Deflation Thread"   daemon [_thread_blocked, id=21560, stack(0x000000ce00d00000,0x000000ce00e00000) (1024K)]
  0x0000022ada97e0e0 JavaThread "C2 CompilerThread0"         daemon [_thread_in_native, id=15640, stack(0x000000ce00e00000,0x000000ce00f00000) (1024K)]
  0x0000022ada980970 JavaThread "C1 CompilerThread0"         daemon [_thread_blocked, id=22968, stack(0x000000ce00f00000,0x000000ce01000000) (1024K)]
  0x0000022ada96cc90 JavaThread "Common-Cleaner"             daemon [_thread_blocked, id=22872, stack(0x000000ce01000000,0x000000ce01100000) (1024K)]
  0x0000022ada96d320 JavaThread "Notification Thread"        daemon [_thread_blocked, id=13720, stack(0x000000ce01100000,0x000000ce01200000) (1024K)]
  0x0000022ada96b8e0 JavaThread "Active Thread: Equinox Container: bd2b5777-bdc0-40f4-a35a-d1af21ed29fe"        [_thread_blocked, id=14288, stack(0x000000ce01900000,0x000000ce01a00000) (1024K)]
  0x0000022ada96d9b0 JavaThread "Refresh Thread: Equinox Container: bd2b5777-bdc0-40f4-a35a-d1af21ed29fe" daemon [_thread_blocked, id=3388, stack(0x000000ce01800000,0x000000ce01900000) (1024K)]
  0x0000022ada96abc0 JavaThread "Framework Event Dispatcher: Equinox Container: bd2b5777-bdc0-40f4-a35a-d1af21ed29fe" daemon [_thread_blocked, id=8012, stack(0x000000ce01b00000,0x000000ce01c00000) (1024K)]
  0x0000022ada96c600 JavaThread "Start Level: Equinox Container: bd2b5777-bdc0-40f4-a35a-d1af21ed29fe" daemon [_thread_blocked, id=17280, stack(0x000000ce01c00000,0x000000ce01d00000) (1024K)]
  0x0000022ada96bf70 JavaThread "Bundle File Closer"         daemon [_thread_blocked, id=17840, stack(0x000000ce01d00000,0x000000ce01e00000) (1024K)]
  0x0000022ae1386390 JavaThread "SCR Component Actor"        daemon [_thread_blocked, id=21536, stack(0x000000ce01e00000,0x000000ce01f00000) (1024K)]
  0x0000022ae1389180 JavaThread "Worker-JM"                         [_thread_blocked, id=10144, stack(0x000000ce02000000,0x000000ce02100000) (1024K)]
  0x0000022ae1382880 JavaThread "JNA Cleaner"                daemon [_thread_blocked, id=23404, stack(0x000000ce02100000,0x000000ce02200000) (1024K)]
  0x0000022ae1387dd0 JavaThread "Worker-0: Building"                [_thread_blocked, id=13776, stack(0x000000ce02200000,0x000000ce02300000) (1024K)]
  0x0000022ae1385670 JavaThread "Worker-1: Initialize workspace"        [_thread_in_vm, id=6168, stack(0x000000ce02300000,0x000000ce02400000) (1024K)]
  0x0000022ae1386a20 JavaThread "Worker-2: Initialize Workspace"        [_thread_blocked, id=8380, stack(0x000000ce02400000,0x000000ce02500000) (1024K)]
  0x0000022ae1385d00 JavaThread "Java indexing"              daemon [_thread_blocked, id=21004, stack(0x000000ce02500000,0x000000ce02600000) (1024K)]
  0x0000022ae13870b0 JavaThread "Worker-3: Java indexing... "        [_thread_blocked, id=15676, stack(0x000000ce02700000,0x000000ce02800000) (1024K)]
  0x0000022ae13842c0 JavaThread "Worker-4"                          [_thread_blocked, id=22544, stack(0x000000ce02800000,0x000000ce02900000) (1024K)]
  0x0000022ae1387740 JavaThread "Thread-2"                   daemon [_thread_in_native, id=21764, stack(0x000000ce02900000,0x000000ce02a00000) (1024K)]
  0x0000022ae1388460 JavaThread "Thread-3"                   daemon [_thread_in_native, id=22100, stack(0x000000ce02a00000,0x000000ce02b00000) (1024K)]
  0x0000022ae1388af0 JavaThread "Thread-4"                   daemon [_thread_in_native, id=9092, stack(0x000000ce02b00000,0x000000ce02c00000) (1024K)]
  0x0000022ae13835a0 JavaThread "Thread-5"                   daemon [_thread_in_native, id=17868, stack(0x000000ce02c00000,0x000000ce02d00000) (1024K)]
  0x0000022ae1383c30 JavaThread "Thread-6"                   daemon [_thread_in_native, id=1800, stack(0x000000ce02d00000,0x000000ce02e00000) (1024K)]
  0x0000022ae1384950 JavaThread "Thread-7"                   daemon [_thread_in_native, id=11004, stack(0x000000ce02e00000,0x000000ce02f00000) (1024K)]
  0x0000022ae13821f0 JavaThread "Thread-8"                   daemon [_thread_in_native, id=9496, stack(0x000000ce02f00000,0x000000ce03000000) (1024K)]
  0x0000022ae1389810 JavaThread "Thread-9"                   daemon [_thread_in_native, id=9860, stack(0x000000ce03000000,0x000000ce03100000) (1024K)]
  0x0000022ae1382f10 JavaThread "Thread-10"                  daemon [_thread_in_native, id=17460, stack(0x000000ce03100000,0x000000ce03200000) (1024K)]
  0x0000022ae1643d30 JavaThread "pool-2-thread-1"                   [_thread_blocked, id=2256, stack(0x000000ce03200000,0x000000ce03300000) (1024K)]
  0x0000022ae163d430 JavaThread "WorkspaceEventsHandler"            [_thread_blocked, id=22376, stack(0x000000ce03300000,0x000000ce03400000) (1024K)]
  0x0000022ae1644a50 JavaThread "pool-1-thread-1"                   [_thread_blocked, id=22516, stack(0x000000ce03400000,0x000000ce03500000) (1024K)]
  0x0000022ae1641c60 JavaThread "LocalFile Deleter"          daemon [_thread_blocked, id=5408, stack(0x000000ce00300000,0x000000ce00400000) (1024K)]
  0x0000022ae163dac0 JavaThread "LocalFile Deleter"          daemon [_thread_blocked, id=18208, stack(0x000000ce03500000,0x000000ce03600000) (1024K)]
  0x0000022ae163f500 JavaThread "LocalFile Deleter"          daemon [_thread_blocked, id=23464, stack(0x000000ce03600000,0x000000ce03700000) (1024K)]
  0x0000022ae163e7e0 JavaThread "LocalFile Deleter"          daemon [_thread_blocked, id=10980, stack(0x000000ce03700000,0x000000ce03800000) (1024K)]
  0x0000022ae163e150 JavaThread "LocalFile Deleter"          daemon [_thread_blocked, id=17828, stack(0x000000ce03800000,0x000000ce03900000) (1024K)]
  0x0000022ae163ee70 JavaThread "LocalFile Deleter"          daemon [_thread_blocked, id=6952, stack(0x000000ce03900000,0x000000ce03a00000) (1024K)]
  0x0000022ae16415d0 JavaThread "LocalFile Deleter"          daemon [_thread_blocked, id=15672, stack(0x000000ce03a00000,0x000000ce03b00000) (1024K)]
  0x0000022ae163fb90 JavaThread "LocalFile Deleter"          daemon [_thread_blocked, id=4224, stack(0x000000ce03b00000,0x000000ce03c00000) (1024K)]
  0x0000022ae16443c0 JavaThread "Compiler Source File Reader" daemon [_thread_blocked, id=5276, stack(0x000000ce03c00000,0x000000ce03d00000) (1024K)]
  0x0000022ae1640220 JavaThread "Compiler Source File Reader" daemon [_thread_blocked, id=19908, stack(0x000000ce03d00000,0x000000ce03e00000) (1024K)]
  0x0000022ae16408b0 JavaThread "Compiler Source File Reader" daemon [_thread_blocked, id=9464, stack(0x000000ce03e00000,0x000000ce03f00000) (1024K)]
  0x0000022ae1640f40 JavaThread "Compiler Source File Reader" daemon [_thread_blocked, id=23120, stack(0x000000ce03f00000,0x000000ce04000000) (1024K)]
  0x0000022ae16422f0 JavaThread "Compiler Source File Reader" daemon [_thread_blocked, id=22636, stack(0x000000ce04000000,0x000000ce04100000) (1024K)]
  0x0000022ae1642980 JavaThread "Compiler Source File Reader" daemon [_thread_blocked, id=19856, stack(0x000000ce04100000,0x000000ce04200000) (1024K)]
  0x0000022ae3b572b0 JavaThread "Compiler Processing Task"   daemon [_thread_blocked, id=2076, stack(0x000000ce04200000,0x000000ce04300000) (1024K)]
  0x0000022ae3b57940 JavaThread "Compiler Class File Writer" daemon [_thread_blocked, id=804, stack(0x000000ce04300000,0x000000ce04400000) (1024K)]
  0x0000022ae3b55f00 JavaThread "Compiler Class File Writer" daemon [_thread_blocked, id=14328, stack(0x000000ce04400000,0x000000ce04500000) (1024K)]
  0x0000022ae3b551e0 JavaThread "Compiler Class File Writer" daemon [_thread_blocked, id=22056, stack(0x000000ce04500000,0x000000ce04600000) (1024K)]
  0x0000022ae3b523f0 JavaThread "Compiler Class File Writer" daemon [_thread_blocked, id=18676, stack(0x000000ce04600000,0x000000ce04700000) (1024K)]
  0x0000022ae3b55870 JavaThread "Compiler Class File Writer" daemon [_thread_blocked, id=10476, stack(0x000000ce04700000,0x000000ce04800000) (1024K)]
  0x0000022ae3b58cf0 JavaThread "Compiler Class File Writer" daemon [_thread_blocked, id=19968, stack(0x000000ce04800000,0x000000ce04900000) (1024K)]
  0x0000022ae3455f80 JavaThread "C2 CompilerThread1"         daemon [_thread_blocked, id=20552, stack(0x000000ce00200000,0x000000ce00300000) (1024K)]
=>0x0000022ae2a196b0 JavaThread "C2 CompilerThread2"         daemon [_thread_in_native, id=7636, stack(0x000000ce04900000,0x000000ce04a00000) (1024K)]
  0x0000022ae3b58660 JavaThread "Worker-5"                          [_thread_blocked, id=13908, stack(0x000000ce04a00000,0x000000ce04b00000) (1024K)]
Total: 61

Other Threads:
  0x0000022ac666ebd0 VMThread "VM Thread"                           [id=19168, stack(0x000000ce00700000,0x000000ce00800000) (1024K)] _threads_hazard_ptr=0x0000022ae4b5eb90
  0x0000022ac661fdb0 WatcherThread "VM Periodic Task Thread"        [id=17212, stack(0x000000ce00600000,0x000000ce00700000) (1024K)]
  0x0000022ac65d5230 WorkerThread "GC Thread#0"                     [id=18628, stack(0x000000ce00500000,0x000000ce00600000) (1024K)]
  0x0000022adcd81ed0 WorkerThread "GC Thread#1"                     [id=22016, stack(0x000000ce01200000,0x000000ce01300000) (1024K)]
  0x0000022adcd82270 WorkerThread "GC Thread#2"                     [id=3044, stack(0x000000ce01300000,0x000000ce01400000) (1024K)]
  0x0000022adcd82610 WorkerThread "GC Thread#3"                     [id=22788, stack(0x000000ce01400000,0x000000ce01500000) (1024K)]
  0x0000022adcd829b0 WorkerThread "GC Thread#4"                     [id=22628, stack(0x000000ce01500000,0x000000ce01600000) (1024K)]
  0x0000022adc823a40 WorkerThread "GC Thread#5"                     [id=19608, stack(0x000000ce01600000,0x000000ce01700000) (1024K)]
  0x0000022adc823de0 WorkerThread "GC Thread#6"                     [id=8368, stack(0x000000ce01700000,0x000000ce01800000) (1024K)]
  0x0000022adc78dd10 WorkerThread "GC Thread#7"                     [id=22992, stack(0x000000ce01a00000,0x000000ce01b00000) (1024K)]
Total: 10

Threads with active compile tasks:
C2 CompilerThread0  65693 11378       4       org.eclipse.jdt.internal.core.search.indexing.AbstractIndexer::addTypeDeclaration (109 bytes)
C2 CompilerThread1  65693 11375   !   4       org.eclipse.osgi.internal.loader.BundleLoader::getImportedSources (114 bytes)
C2 CompilerThread2  65693 11358   !   4       org.eclipse.jdt.internal.core.search.indexing.AddJrtToIndex$JrtIndexer::visitFile (133 bytes)
Total: 3

VM state: synchronizing (normal execution)

VM Mutex/Monitor currently owned by a thread:  ([mutex/lock_event])
[0x00007ff87114e208] CodeCache_lock - owner thread: 0x0000022ae1385670
[0x00007ff87114e308] Threads_lock - owner thread: 0x0000022ac666ebd0
[0x00007ff87114e408] Heap_lock - owner thread: 0x0000022ae1385d00

Heap address: 0x00000000c0000000, size: 1024 MB, Compressed Oops mode: 32-bit

CDS archive(s) mapped at: [0x0000022a80000000-0x0000022a80ba0000-0x0000022a80ba0000), size 12189696, SharedBaseAddress: 0x0000022a80000000, ArchiveRelocationMode: 1.
Compressed class space mapped at: 0x0000022a81000000-0x0000022ac1000000, reserved size: 1073741824
Narrow klass base: 0x0000022a80000000, Narrow klass shift: 0, Narrow klass range: 0x100000000

GC Precious Log:
 CardTable entry size: 512
 CPUs: 8 total, 8 available
 Memory: 5996M
 Large Page Support: Disabled
 NUMA Support: Disabled
 Compressed Oops: Enabled (32-bit)
 Alignments: Space 512K, Generation 512K, Heap 2M
 Heap Min Capacity: 100M
 Heap Initial Capacity: 100M
 Heap Max Capacity: 1G
 Pre-touch: Disabled
 Parallel Workers: 8

Heap:
 PSYoungGen      total 6144K, used 5881K [0x00000000eab00000, 0x00000000eb280000, 0x0000000100000000)
  eden space 4608K, 100% used [0x00000000eab00000,0x00000000eaf80000,0x00000000eaf80000)
  from space 1536K, 82% used [0x00000000eb100000,0x00000000eb23e4c0,0x00000000eb280000)
  to   space 1536K, 0% used [0x00000000eaf80000,0x00000000eaf80000,0x00000000eb100000)
 ParOldGen       total 150528K, used 150126K [0x00000000c0000000, 0x00000000c9300000, 0x00000000eab00000)
  object space 150528K, 99% used [0x00000000c0000000,0x00000000c929b9f0,0x00000000c9300000)
 Metaspace       used 62646K, committed 64128K, reserved 1114112K
  class space    used 6460K, committed 7104K, reserved 1048576K

Card table byte_map: [0x0000022ac5f80000,0x0000022ac6190000] _byte_map_base: 0x0000022ac5980000

Marking Bits: (ParMarkBitMap*) 0x00007ff8711531f0
 Begin Bits: [0x0000022ad87a0000, 0x0000022ad97a0000)
 End Bits:   [0x0000022ad97a0000, 0x0000022ada7a0000)

Polling page: 0x0000022ac5d70000

Metaspace:

Usage:
  Non-class:     54.87 MB used.
      Class:      6.31 MB used.
       Both:     61.18 MB used.

Virtual space:
  Non-class space:       64.00 MB reserved,      55.69 MB ( 87%) committed,  1 nodes.
      Class space:        1.00 GB reserved,       6.94 MB ( <1%) committed,  1 nodes.
             Both:        1.06 GB reserved,      62.62 MB (  6%) committed. 

Chunk freelists:
   Non-Class:  7.69 MB
       Class:  9.00 MB
        Both:  16.69 MB

MaxMetaspaceSize: unlimited
CompressedClassSpaceSize: 1.00 GB
Initial GC threshold: 21.00 MB
Current GC threshold: 97.31 MB
CDS: on
 - commit_granule_bytes: 65536.
 - commit_granule_words: 8192.
 - virtual_space_node_default_size: 8388608.
 - enlarge_chunks_in_place: 1.
 - use_allocation_guard: 0.


Internal statistics:

num_allocs_failed_limit: 9.
num_arena_births: 1244.
num_arena_deaths: 14.
num_vsnodes_births: 2.
num_vsnodes_deaths: 0.
num_space_committed: 1002.
num_space_uncommitted: 0.
num_chunks_returned_to_freelist: 23.
num_chunks_taken_from_freelist: 4128.
num_chunk_merges: 15.
num_chunk_splits: 2590.
num_chunks_enlarged: 1538.
num_inconsistent_stats: 0.

CodeHeap 'non-profiled nmethods': size=120000Kb used=6600Kb max_used=6600Kb free=113399Kb
 bounds [0x0000022ad1270000, 0x0000022ad18f0000, 0x0000022ad87a0000]
CodeHeap 'profiled nmethods': size=120000Kb used=23635Kb max_used=23635Kb free=96364Kb
 bounds [0x0000022ac97a0000, 0x0000022acaec0000, 0x0000022ad0cd0000]
CodeHeap 'non-nmethods': size=5760Kb used=1424Kb max_used=1480Kb free=4335Kb
 bounds [0x0000022ad0cd0000, 0x0000022ad0f40000, 0x0000022ad1270000]
 total_blobs=11330 nmethods=10591 adapters=645
 compilation: enabled
              stopped_count=0, restarted_count=0
 full_count=0

Compilation events (20 events):
Event: 65.439 Thread 0x0000022ae3455f80 nmethod 11366 0x0000022ad18da090 code [0x0000022ad18da2c0, 0x0000022ad18da9b0]
Event: 65.447 Thread 0x0000022ae3455f80 11367       4       org.eclipse.jdt.internal.core.util.Util::indexOfJavaLikeExtension (116 bytes)
Event: 65.452 Thread 0x0000022ae3455f80 nmethod 11367 0x0000022ad18daf90 code [0x0000022ad18db160, 0x0000022ad18db570]
Event: 65.468 Thread 0x0000022ada97e0e0 11368       4       org.eclipse.jdt.internal.compiler.util.Util::scanClassTypeSignature (109 bytes)
Event: 65.473 Thread 0x0000022ada97e0e0 nmethod 11368 0x0000022ad18db990 code [0x0000022ad18dbb60, 0x0000022ad18dbf40]
Event: 65.489 Thread 0x0000022ae3455f80 11369       4       org.eclipse.jdt.internal.compiler.ExtraFlags::getExtraFlags (94 bytes)
Event: 65.505 Thread 0x0000022ae3455f80 nmethod 11369 0x0000022ad18dc210 code [0x0000022ad18dc460, 0x0000022ad18dcba8]
Event: 65.519 Thread 0x0000022ada980970 11370       3       org.apache.aries.spifly.BaseActivator::getAllHeaders (189 bytes)
Event: 65.525 Thread 0x0000022ada980970 nmethod 11370 0x0000022acaeb0910 code [0x0000022acaeb0d80, 0x0000022acaeb3638]
Event: 65.525 Thread 0x0000022ada980970 11371       3       java.util.ArrayList$SubList::get (27 bytes)
Event: 65.526 Thread 0x0000022ada980970 nmethod 11371 0x0000022acaeb4490 code [0x0000022acaeb4660, 0x0000022acaeb4aa8]
Event: 65.554 Thread 0x0000022ada97e0e0 11372   !   4       org.eclipse.jdt.internal.core.search.indexing.BinaryContainer::isValidPackageNameForClassOrisModule (158 bytes)
Event: 65.554 Thread 0x0000022ae3455f80 11373       4       org.eclipse.jdt.internal.core.search.JavaSearchParticipant::indexDocument (89 bytes)
Event: 65.574 Thread 0x0000022ada97e0e0 nmethod 11372 0x0000022ad18dd390 code [0x0000022ad18dd5e0, 0x0000022ad18de380]
Event: 65.574 Thread 0x0000022ada97e0e0 11374       4       org.eclipse.jdt.internal.core.search.indexing.AbstractIndexer::addNameReference (9 bytes)
Event: 65.577 Thread 0x0000022ada97e0e0 nmethod 11374 0x0000022ad18deb90 code [0x0000022ad18ded40, 0x0000022ad18deee0]
Event: 65.581 Thread 0x0000022ae3455f80 nmethod 11373 0x0000022ad18df110 code [0x0000022ad18df3a0, 0x0000022ad18e0158]
Event: 65.620 Thread 0x0000022ae3455f80 11375   !   4       org.eclipse.osgi.internal.loader.BundleLoader::getImportedSources (114 bytes)
Event: 65.623 Thread 0x0000022ada97e0e0 11376       4       java.lang.Record::<init> (5 bytes)
Event: 65.623 Thread 0x0000022ada97e0e0 nmethod 11376 0x0000022ad18e0e90 code [0x0000022ad18e1020, 0x0000022ad18e10a8]

GC Heap History (20 events):
Event: 64.903 GC heap before
{Heap before GC invocations=93 (full 3):
 PSYoungGen      total 6144K, used 5958K [0x00000000eab00000, 0x00000000eb280000, 0x0000000100000000)
  eden space 4608K, 100% used [0x00000000eab00000,0x00000000eaf80000,0x00000000eaf80000)
  from space 1536K, 87% used [0x00000000eaf80000,0x00000000eb0d1a98,0x00000000eb100000)
  to   space 1536K, 0% used [0x00000000eb100000,0x00000000eb100000,0x00000000eb280000)
 ParOldGen       total 137216K, used 137174K [0x00000000c0000000, 0x00000000c8600000, 0x00000000eab00000)
  object space 137216K, 99% used [0x00000000c0000000,0x00000000c85f5a38,0x00000000c8600000)
 Metaspace       used 62503K, committed 64000K, reserved 1114112K
  class space    used 6446K, committed 7104K, reserved 1048576K
}
Event: 64.907 GC heap after
{Heap after GC invocations=93 (full 3):
 PSYoungGen      total 6144K, used 1197K [0x00000000eab00000, 0x00000000eb280000, 0x0000000100000000)
  eden space 4608K, 0% used [0x00000000eab00000,0x00000000eab00000,0x00000000eaf80000)
  from space 1536K, 77% used [0x00000000eb100000,0x00000000eb22b488,0x00000000eb280000)
  to   space 1536K, 0% used [0x00000000eaf80000,0x00000000eaf80000,0x00000000eb100000)
 ParOldGen       total 138752K, used 138407K [0x00000000c0000000, 0x00000000c8780000, 0x00000000eab00000)
  object space 138752K, 99% used [0x00000000c0000000,0x00000000c8729fb8,0x00000000c8780000)
 Metaspace       used 62503K, committed 64000K, reserved 1114112K
  class space    used 6446K, committed 7104K, reserved 1048576K
}
Event: 64.975 GC heap before
{Heap before GC invocations=94 (full 3):
 PSYoungGen      total 6144K, used 5805K [0x00000000eab00000, 0x00000000eb280000, 0x0000000100000000)
  eden space 4608K, 100% used [0x00000000eab00000,0x00000000eaf80000,0x00000000eaf80000)
  from space 1536K, 77% used [0x00000000eb100000,0x00000000eb22b488,0x00000000eb280000)
  to   space 1536K, 0% used [0x00000000eaf80000,0x00000000eaf80000,0x00000000eb100000)
 ParOldGen       total 138752K, used 138407K [0x00000000c0000000, 0x00000000c8780000, 0x00000000eab00000)
  object space 138752K, 99% used [0x00000000c0000000,0x00000000c8729fb8,0x00000000c8780000)
 Metaspace       used 62503K, committed 64000K, reserved 1114112K
  class space    used 6446K, committed 7104K, reserved 1048576K
}
Event: 64.980 GC heap after
{Heap after GC invocations=94 (full 3):
 PSYoungGen      total 6144K, used 1436K [0x00000000eab00000, 0x00000000eb280000, 0x0000000100000000)
  eden space 4608K, 0% used [0x00000000eab00000,0x00000000eab00000,0x00000000eaf80000)
  from space 1536K, 93% used [0x00000000eaf80000,0x00000000eb0e7398,0x00000000eb100000)
  to   space 1536K, 0% used [0x00000000eb100000,0x00000000eb100000,0x00000000eb280000)
 ParOldGen       total 139776K, used 139537K [0x00000000c0000000, 0x00000000c8880000, 0x00000000eab00000)
  object space 139776K, 99% used [0x00000000c0000000,0x00000000c8844628,0x00000000c8880000)
 Metaspace       used 62503K, committed 64000K, reserved 1114112K
  class space    used 6446K, committed 7104K, reserved 1048576K
}
Event: 65.020 GC heap before
{Heap before GC invocations=95 (full 3):
 PSYoungGen      total 6144K, used 6044K [0x00000000eab00000, 0x00000000eb280000, 0x0000000100000000)
  eden space 4608K, 100% used [0x00000000eab00000,0x00000000eaf80000,0x00000000eaf80000)
  from space 1536K, 93% used [0x00000000eaf80000,0x00000000eb0e7398,0x00000000eb100000)
  to   space 1536K, 0% used [0x00000000eb100000,0x00000000eb100000,0x00000000eb280000)
 ParOldGen       total 139776K, used 139537K [0x00000000c0000000, 0x00000000c8880000, 0x00000000eab00000)
  object space 139776K, 99% used [0x00000000c0000000,0x00000000c8844628,0x00000000c8880000)
 Metaspace       used 62503K, committed 64000K, reserved 1114112K
  class space    used 6446K, committed 7104K, reserved 1048576K
}
Event: 65.023 GC heap after
{Heap after GC invocations=95 (full 3):
 PSYoungGen      total 6144K, used 1266K [0x00000000eab00000, 0x00000000eb280000, 0x0000000100000000)
  eden space 4608K, 0% used [0x00000000eab00000,0x00000000eab00000,0x00000000eaf80000)
  from space 1536K, 82% used [0x00000000eb100000,0x00000000eb23cab8,0x00000000eb280000)
  to   space 1536K, 0% used [0x00000000eaf80000,0x00000000eaf80000,0x00000000eb100000)
 ParOldGen       total 141312K, used 140926K [0x00000000c0000000, 0x00000000c8a00000, 0x00000000eab00000)
  object space 141312K, 99% used [0x00000000c0000000,0x00000000c899f928,0x00000000c8a00000)
 Metaspace       used 62503K, committed 64000K, reserved 1114112K
  class space    used 6446K, committed 7104K, reserved 1048576K
}
Event: 65.096 GC heap before
{Heap before GC invocations=96 (full 3):
 PSYoungGen      total 6144K, used 5874K [0x00000000eab00000, 0x00000000eb280000, 0x0000000100000000)
  eden space 4608K, 100% used [0x00000000eab00000,0x00000000eaf80000,0x00000000eaf80000)
  from space 1536K, 82% used [0x00000000eb100000,0x00000000eb23cab8,0x00000000eb280000)
  to   space 1536K, 0% used [0x00000000eaf80000,0x00000000eaf80000,0x00000000eb100000)
 ParOldGen       total 141312K, used 140926K [0x00000000c0000000, 0x00000000c8a00000, 0x00000000eab00000)
  object space 141312K, 99% used [0x00000000c0000000,0x00000000c899f928,0x00000000c8a00000)
 Metaspace       used 62504K, committed 64000K, reserved 1114112K
  class space    used 6446K, committed 7104K, reserved 1048576K
}
Event: 65.100 GC heap after
{Heap after GC invocations=96 (full 3):
 PSYoungGen      total 6144K, used 1249K [0x00000000eab00000, 0x00000000eb280000, 0x0000000100000000)
  eden space 4608K, 0% used [0x00000000eab00000,0x00000000eab00000,0x00000000eaf80000)
  from space 1536K, 81% used [0x00000000eaf80000,0x00000000eb0b8500,0x00000000eb100000)
  to   space 1536K, 0% used [0x00000000eb100000,0x00000000eb100000,0x00000000eb280000)
 ParOldGen       total 142336K, used 142096K [0x00000000c0000000, 0x00000000c8b00000, 0x00000000eab00000)
  object space 142336K, 99% used [0x00000000c0000000,0x00000000c8ac4150,0x00000000c8b00000)
 Metaspace       used 62504K, committed 64000K, reserved 1114112K
  class space    used 6446K, committed 7104K, reserved 1048576K
}
Event: 65.171 GC heap before
{Heap before GC invocations=97 (full 3):
 PSYoungGen      total 6144K, used 5857K [0x00000000eab00000, 0x00000000eb280000, 0x0000000100000000)
  eden space 4608K, 100% used [0x00000000eab00000,0x00000000eaf80000,0x00000000eaf80000)
  from space 1536K, 81% used [0x00000000eaf80000,0x00000000eb0b8500,0x00000000eb100000)
  to   space 1536K, 0% used [0x00000000eb100000,0x00000000eb100000,0x00000000eb280000)
 ParOldGen       total 142336K, used 142096K [0x00000000c0000000, 0x00000000c8b00000, 0x00000000eab00000)
  object space 142336K, 99% used [0x00000000c0000000,0x00000000c8ac4150,0x00000000c8b00000)
 Metaspace       used 62550K, committed 64064K, reserved 1114112K
  class space    used 6449K, committed 7104K, reserved 1048576K
}
Event: 65.184 GC heap after
{Heap after GC invocations=97 (full 3):
 PSYoungGen      total 6144K, used 1322K [0x00000000eab00000, 0x00000000eb280000, 0x0000000100000000)
  eden space 4608K, 0% used [0x00000000eab00000,0x00000000eab00000,0x00000000eaf80000)
  from space 1536K, 86% used [0x00000000eb100000,0x00000000eb24a988,0x00000000eb280000)
  to   space 1536K, 0% used [0x00000000eaf80000,0x00000000eaf80000,0x00000000eb100000)
 ParOldGen       total 143360K, used 143250K [0x00000000c0000000, 0x00000000c8c00000, 0x00000000eab00000)
  object space 143360K, 99% used [0x00000000c0000000,0x00000000c8be4a40,0x00000000c8c00000)
 Metaspace       used 62550K, committed 64064K, reserved 1114112K
  class space    used 6449K, committed 7104K, reserved 1048576K
}
Event: 65.226 GC heap before
{Heap before GC invocations=98 (full 3):
 PSYoungGen      total 6144K, used 5930K [0x00000000eab00000, 0x00000000eb280000, 0x0000000100000000)
  eden space 4608K, 100% used [0x00000000eab00000,0x00000000eaf80000,0x00000000eaf80000)
  from space 1536K, 86% used [0x00000000eb100000,0x00000000eb24a988,0x00000000eb280000)
  to   space 1536K, 0% used [0x00000000eaf80000,0x00000000eaf80000,0x00000000eb100000)
 ParOldGen       total 143360K, used 143250K [0x00000000c0000000, 0x00000000c8c00000, 0x00000000eab00000)
  object space 143360K, 99% used [0x00000000c0000000,0x00000000c8be4a40,0x00000000c8c00000)
 Metaspace       used 62550K, committed 64064K, reserved 1114112K
  class space    used 6449K, committed 7104K, reserved 1048576K
}
Event: 65.229 GC heap after
{Heap after GC invocations=98 (full 3):
 PSYoungGen      total 6144K, used 1233K [0x00000000eab00000, 0x00000000eb280000, 0x0000000100000000)
  eden space 4608K, 0% used [0x00000000eab00000,0x00000000eab00000,0x00000000eaf80000)
  from space 1536K, 80% used [0x00000000eaf80000,0x00000000eb0b4570,0x00000000eb100000)
  to   space 1536K, 0% used [0x00000000eb100000,0x00000000eb100000,0x00000000eb280000)
 ParOldGen       total 144896K, used 144438K [0x00000000c0000000, 0x00000000c8d80000, 0x00000000eab00000)
  object space 144896K, 99% used [0x00000000c0000000,0x00000000c8d0d860,0x00000000c8d80000)
 Metaspace       used 62550K, committed 64064K, reserved 1114112K
  class space    used 6449K, committed 7104K, reserved 1048576K
}
Event: 65.261 GC heap before
{Heap before GC invocations=99 (full 3):
 PSYoungGen      total 6144K, used 5841K [0x00000000eab00000, 0x00000000eb280000, 0x0000000100000000)
  eden space 4608K, 100% used [0x00000000eab00000,0x00000000eaf80000,0x00000000eaf80000)
  from space 1536K, 80% used [0x00000000eaf80000,0x00000000eb0b4570,0x00000000eb100000)
  to   space 1536K, 0% used [0x00000000eb100000,0x00000000eb100000,0x00000000eb280000)
 ParOldGen       total 144896K, used 144438K [0x00000000c0000000, 0x00000000c8d80000, 0x00000000eab00000)
  object space 144896K, 99% used [0x00000000c0000000,0x00000000c8d0d860,0x00000000c8d80000)
 Metaspace       used 62550K, committed 64064K, reserved 1114112K
  class space    used 6449K, committed 7104K, reserved 1048576K
}
Event: 65.267 GC heap after
{Heap after GC invocations=99 (full 3):
 PSYoungGen      total 6144K, used 1158K [0x00000000eab00000, 0x00000000eb280000, 0x0000000100000000)
  eden space 4608K, 0% used [0x00000000eab00000,0x00000000eab00000,0x00000000eaf80000)
  from space 1536K, 75% used [0x00000000eb100000,0x00000000eb221a10,0x00000000eb280000)
  to   space 1536K, 0% used [0x00000000eaf80000,0x00000000eaf80000,0x00000000eb100000)
 ParOldGen       total 145920K, used 145547K [0x00000000c0000000, 0x00000000c8e80000, 0x00000000eab00000)
  object space 145920K, 99% used [0x00000000c0000000,0x00000000c8e22ca0,0x00000000c8e80000)
 Metaspace       used 62550K, committed 64064K, reserved 1114112K
  class space    used 6449K, committed 7104K, reserved 1048576K
}
Event: 65.324 GC heap before
{Heap before GC invocations=100 (full 3):
 PSYoungGen      total 6144K, used 5761K [0x00000000eab00000, 0x00000000eb280000, 0x0000000100000000)
  eden space 4608K, 99% used [0x00000000eab00000,0x00000000eaf7ec70,0x00000000eaf80000)
  from space 1536K, 75% used [0x00000000eb100000,0x00000000eb221a10,0x00000000eb280000)
  to   space 1536K, 0% used [0x00000000eaf80000,0x00000000eaf80000,0x00000000eb100000)
 ParOldGen       total 145920K, used 145547K [0x00000000c0000000, 0x00000000c8e80000, 0x00000000eab00000)
  object space 145920K, 99% used [0x00000000c0000000,0x00000000c8e22ca0,0x00000000c8e80000)
 Metaspace       used 62550K, committed 64064K, reserved 1114112K
  class space    used 6449K, committed 7104K, reserved 1048576K
}
Event: 65.328 GC heap after
{Heap after GC invocations=100 (full 3):
 PSYoungGen      total 6144K, used 1354K [0x00000000eab00000, 0x00000000eb280000, 0x0000000100000000)
  eden space 4608K, 0% used [0x00000000eab00000,0x00000000eab00000,0x00000000eaf80000)
  from space 1536K, 88% used [0x00000000eaf80000,0x00000000eb0d2a08,0x00000000eb100000)
  to   space 1536K, 0% used [0x00000000eb100000,0x00000000eb100000,0x00000000eb280000)
 ParOldGen       total 146944K, used 146621K [0x00000000c0000000, 0x00000000c8f80000, 0x00000000eab00000)
  object space 146944K, 99% used [0x00000000c0000000,0x00000000c8f2f4d0,0x00000000c8f80000)
 Metaspace       used 62550K, committed 64064K, reserved 1114112K
  class space    used 6449K, committed 7104K, reserved 1048576K
}
Event: 65.397 GC heap before
{Heap before GC invocations=101 (full 3):
 PSYoungGen      total 6144K, used 5962K [0x00000000eab00000, 0x00000000eb280000, 0x0000000100000000)
  eden space 4608K, 100% used [0x00000000eab00000,0x00000000eaf80000,0x00000000eaf80000)
  from space 1536K, 88% used [0x00000000eaf80000,0x00000000eb0d2a08,0x00000000eb100000)
  to   space 1536K, 0% used [0x00000000eb100000,0x00000000eb100000,0x00000000eb280000)
 ParOldGen       total 146944K, used 146621K [0x00000000c0000000, 0x00000000c8f80000, 0x00000000eab00000)
  object space 146944K, 99% used [0x00000000c0000000,0x00000000c8f2f4d0,0x00000000c8f80000)
 Metaspace       used 62550K, committed 64064K, reserved 1114112K
  class space    used 6449K, committed 7104K, reserved 1048576K
}
Event: 65.399 GC heap after
{Heap after GC invocations=101 (full 3):
 PSYoungGen      total 6144K, used 1149K [0x00000000eab00000, 0x00000000eb280000, 0x0000000100000000)
  eden space 4608K, 0% used [0x00000000eab00000,0x00000000eab00000,0x00000000eaf80000)
  from space 1536K, 74% used [0x00000000eb100000,0x00000000eb21f5a8,0x00000000eb280000)
  to   space 1536K, 0% used [0x00000000eaf80000,0x00000000eaf80000,0x00000000eb100000)
 ParOldGen       total 147968K, used 147830K [0x00000000c0000000, 0x00000000c9080000, 0x00000000eab00000)
  object space 147968K, 99% used [0x00000000c0000000,0x00000000c905db90,0x00000000c9080000)
 Metaspace       used 62550K, committed 64064K, reserved 1114112K
  class space    used 6449K, committed 7104K, reserved 1048576K
}
Event: 65.490 GC heap before
{Heap before GC invocations=102 (full 3):
 PSYoungGen      total 6144K, used 5757K [0x00000000eab00000, 0x00000000eb280000, 0x0000000100000000)
  eden space 4608K, 100% used [0x00000000eab00000,0x00000000eaf80000,0x00000000eaf80000)
  from space 1536K, 74% used [0x00000000eb100000,0x00000000eb21f5a8,0x00000000eb280000)
  to   space 1536K, 0% used [0x00000000eaf80000,0x00000000eaf80000,0x00000000eb100000)
 ParOldGen       total 147968K, used 147830K [0x00000000c0000000, 0x00000000c9080000, 0x00000000eab00000)
  object space 147968K, 99% used [0x00000000c0000000,0x00000000c905db90,0x00000000c9080000)
 Metaspace       used 62563K, committed 64064K, reserved 1114112K
  class space    used 6449K, committed 7104K, reserved 1048576K
}
Event: 65.493 GC heap after
{Heap after GC invocations=102 (full 3):
 PSYoungGen      total 6144K, used 1438K [0x00000000eab00000, 0x00000000eb280000, 0x0000000100000000)
  eden space 4608K, 0% used [0x00000000eab00000,0x00000000eab00000,0x00000000eaf80000)
  from space 1536K, 93% used [0x00000000eaf80000,0x00000000eb0e7870,0x00000000eb100000)
  to   space 1536K, 0% used [0x00000000eb100000,0x00000000eb100000,0x00000000eb280000)
 ParOldGen       total 148992K, used 148848K [0x00000000c0000000, 0x00000000c9180000, 0x00000000eab00000)
  object space 148992K, 99% used [0x00000000c0000000,0x00000000c915c2d0,0x00000000c9180000)
 Metaspace       used 62563K, committed 64064K, reserved 1114112K
  class space    used 6449K, committed 7104K, reserved 1048576K
}

Dll operation events (10 events):
Event: 0.031 Loaded shared library c:\Users\Lenovo\.vscode\extensions\redhat.java-1.42.0-win32-x64\jre\21.0.7-win32-x86_64\bin\java.dll
Event: 0.211 Loaded shared library c:\Users\Lenovo\.vscode\extensions\redhat.java-1.42.0-win32-x64\jre\21.0.7-win32-x86_64\bin\zip.dll
Event: 0.250 Loaded shared library C:\Users\Lenovo\.vscode\extensions\redhat.java-1.42.0-win32-x64\jre\21.0.7-win32-x86_64\bin\instrument.dll
Event: 0.270 Loaded shared library C:\Users\Lenovo\.vscode\extensions\redhat.java-1.42.0-win32-x64\jre\21.0.7-win32-x86_64\bin\net.dll
Event: 0.277 Loaded shared library C:\Users\Lenovo\.vscode\extensions\redhat.java-1.42.0-win32-x64\jre\21.0.7-win32-x86_64\bin\nio.dll
Event: 0.291 Loaded shared library C:\Users\Lenovo\.vscode\extensions\redhat.java-1.42.0-win32-x64\jre\21.0.7-win32-x86_64\bin\zip.dll
Event: 0.376 Loaded shared library C:\Users\Lenovo\.vscode\extensions\redhat.java-1.42.0-win32-x64\jre\21.0.7-win32-x86_64\bin\jimage.dll
Event: 0.723 Loaded shared library c:\Users\Lenovo\.vscode\extensions\redhat.java-1.42.0-win32-x64\jre\21.0.7-win32-x86_64\bin\verify.dll
Event: 6.238 Loaded shared library C:\Users\Lenovo\AppData\Roaming\Code\User\globalStorage\redhat.java\1.42.0\config_win\org.eclipse.equinox.launcher\org.eclipse.equinox.launcher.win32.win32.x86_64_1.2.1300.v20250331-1702\eclipse_11911.dll
Event: 18.739 Loaded shared library C:\Users\Lenovo\AppData\Local\Temp\jna--2022488749\jna6279903372255089379.dll

Deoptimization events (20 events):
Event: 63.353 Thread 0x0000022ae1644a50 DEOPT PACKING pc=0x0000022ad17d2f6c sp=0x000000ce034fe790
Event: 63.353 Thread 0x0000022ae1644a50 DEOPT UNPACKING pc=0x0000022ad0d23aa2 sp=0x000000ce034fe740 mode 2
Event: 63.383 Thread 0x0000022ae1385d00 DEOPT PACKING pc=0x0000022acae3650b sp=0x000000ce025feb70
Event: 63.383 Thread 0x0000022ae1385d00 DEOPT UNPACKING pc=0x0000022ad0d24242 sp=0x000000ce025fe058 mode 0
Event: 63.444 Thread 0x0000022ae1385d00 DEOPT PACKING pc=0x0000022acae3650b sp=0x000000ce025feb70
Event: 63.445 Thread 0x0000022ae1385d00 DEOPT UNPACKING pc=0x0000022ad0d24242 sp=0x000000ce025fe058 mode 0
Event: 63.510 Thread 0x0000022ae1385d00 DEOPT PACKING pc=0x0000022acae3650b sp=0x000000ce025feb70
Event: 63.510 Thread 0x0000022ae1385d00 DEOPT UNPACKING pc=0x0000022ad0d24242 sp=0x000000ce025fe058 mode 0
Event: 63.587 Thread 0x0000022ae1385d00 DEOPT PACKING pc=0x0000022acae3650b sp=0x000000ce025feb70
Event: 63.587 Thread 0x0000022ae1385d00 DEOPT UNPACKING pc=0x0000022ad0d24242 sp=0x000000ce025fe058 mode 0
Event: 64.500 Thread 0x0000022ae1385670 Uncommon trap: trap_request=0xffffffc6 fr.pc=0x0000022ad17d2f6c relative=0x0000000000000cac
Event: 64.500 Thread 0x0000022ae1385670 Uncommon trap: reason=bimorphic_or_optimized_type_check action=maybe_recompile pc=0x0000022ad17d2f6c method=java.util.concurrent.ConcurrentHashMap.putAll(Ljava/util/Map;)V @ 23 c2
Event: 64.500 Thread 0x0000022ae1385670 DEOPT PACKING pc=0x0000022ad17d2f6c sp=0x000000ce023fea30
Event: 64.500 Thread 0x0000022ae1385670 DEOPT UNPACKING pc=0x0000022ad0d23aa2 sp=0x000000ce023fe9e0 mode 2
Event: 64.913 Thread 0x0000022ae1387dd0 DEOPT PACKING pc=0x0000022aca4ee967 sp=0x000000ce022fdb90
Event: 64.913 Thread 0x0000022ae1387dd0 DEOPT UNPACKING pc=0x0000022ad0d24242 sp=0x000000ce022fd100 mode 0
Event: 65.354 Thread 0x0000022ae1385d00 DEOPT PACKING pc=0x0000022acaa66aac sp=0x000000ce025fea20
Event: 65.354 Thread 0x0000022ae1385d00 DEOPT UNPACKING pc=0x0000022ad0d24242 sp=0x000000ce025fde88 mode 0
Event: 65.354 Thread 0x0000022ae1385d00 DEOPT PACKING pc=0x0000022acaa6998e sp=0x000000ce025fe970
Event: 65.354 Thread 0x0000022ae1385d00 DEOPT UNPACKING pc=0x0000022ad0d24242 sp=0x000000ce025fde68 mode 0

Classes loaded (20 events):
Event: 62.722 Loading class java/util/TreeMap$TreeMapSpliterator done
Event: 62.722 Loading class java/util/TreeMap$ValueSpliterator done
Event: 62.862 Loading class java/util/concurrent/CompletionException
Event: 62.865 Loading class java/util/concurrent/CompletionException done
Event: 62.890 Loading class java/nio/file/FileTreeWalker$1
Event: 62.891 Loading class java/nio/file/FileTreeWalker$1 done
Event: 62.893 Loading class sun/nio/fs/Globs
Event: 62.894 Loading class sun/nio/fs/Globs done
Event: 62.895 Loading class java/util/regex/Pattern$SliceU
Event: 62.897 Loading class java/util/regex/Pattern$SliceU done
Event: 62.897 Loading class sun/nio/fs/WindowsFileSystem$2
Event: 62.898 Loading class java/nio/file/PathMatcher
Event: 62.899 Loading class java/nio/file/PathMatcher done
Event: 62.899 Loading class sun/nio/fs/WindowsFileSystem$2 done
Event: 63.345 Loading class java/util/Collections$SynchronizedRandomAccessList
Event: 63.347 Loading class java/util/Collections$SynchronizedList
Event: 63.348 Loading class java/util/Collections$SynchronizedList done
Event: 63.348 Loading class java/util/Collections$SynchronizedRandomAccessList done
Event: 63.359 Loading class java/util/concurrent/CompletableFuture$Signaller
Event: 63.360 Loading class java/util/concurrent/CompletableFuture$Signaller done

Classes unloaded (7 events):
Event: 20.453 Thread 0x0000022ac666ebd0 Unloading class 0x0000022a811a5400 'java/lang/invoke/LambdaForm$MH+0x0000022a811a5400'
Event: 20.453 Thread 0x0000022ac666ebd0 Unloading class 0x0000022a811a5000 'java/lang/invoke/LambdaForm$MH+0x0000022a811a5000'
Event: 20.453 Thread 0x0000022ac666ebd0 Unloading class 0x0000022a811a4c00 'java/lang/invoke/LambdaForm$MH+0x0000022a811a4c00'
Event: 20.453 Thread 0x0000022ac666ebd0 Unloading class 0x0000022a811a4800 'java/lang/invoke/LambdaForm$MH+0x0000022a811a4800'
Event: 20.453 Thread 0x0000022ac666ebd0 Unloading class 0x0000022a811a4400 'java/lang/invoke/LambdaForm$BMH+0x0000022a811a4400'
Event: 20.453 Thread 0x0000022ac666ebd0 Unloading class 0x0000022a811a4000 'java/lang/invoke/LambdaForm$DMH+0x0000022a811a4000'
Event: 20.453 Thread 0x0000022ac666ebd0 Unloading class 0x0000022a811a2c00 'java/lang/invoke/LambdaForm$DMH+0x0000022a811a2c00'

Classes redefined (0 events):
No events

Internal exceptions (20 events):
Event: 63.026 Thread 0x0000022ae1386a20 Exception <a 'sun/nio/fs/WindowsException'{0x00000000eafd9a60}> (0x00000000eafd9a60) 
thrown [s\src\hotspot\share\prims\jni.cpp, line 520]
Event: 63.026 Thread 0x0000022ae1386a20 Exception <a 'sun/nio/fs/WindowsException'{0x00000000eafda0e0}> (0x00000000eafda0e0) 
thrown [s\src\hotspot\share\prims\jni.cpp, line 520]
Event: 63.026 Thread 0x0000022ae1386a20 Exception <a 'sun/nio/fs/WindowsException'{0x00000000eafdabf0}> (0x00000000eafdabf0) 
thrown [s\src\hotspot\share\prims\jni.cpp, line 520]
Event: 63.030 Thread 0x0000022ae1386a20 Exception <a 'sun/nio/fs/WindowsException'{0x00000000eafded08}> (0x00000000eafded08) 
thrown [s\src\hotspot\share\prims\jni.cpp, line 520]
Event: 63.030 Thread 0x0000022ae1386a20 Exception <a 'sun/nio/fs/WindowsException'{0x00000000eafdf3e8}> (0x00000000eafdf3e8) 
thrown [s\src\hotspot\share\prims\jni.cpp, line 520]
Event: 63.030 Thread 0x0000022ae1386a20 Exception <a 'sun/nio/fs/WindowsException'{0x00000000eafdfd20}> (0x00000000eafdfd20) 
thrown [s\src\hotspot\share\prims\jni.cpp, line 520]
Event: 63.030 Thread 0x0000022ae1386a20 Exception <a 'sun/nio/fs/WindowsException'{0x00000000eafe0418}> (0x00000000eafe0418) 
thrown [s\src\hotspot\share\prims\jni.cpp, line 520]
Event: 63.031 Thread 0x0000022ae1386a20 Exception <a 'sun/nio/fs/WindowsException'{0x00000000eafe4748}> (0x00000000eafe4748) 
thrown [s\src\hotspot\share\prims\jni.cpp, line 520]
Event: 63.031 Thread 0x0000022ae1386a20 Exception <a 'sun/nio/fs/WindowsException'{0x00000000eafe5090}> (0x00000000eafe5090) 
thrown [s\src\hotspot\share\prims\jni.cpp, line 520]
Event: 63.031 Thread 0x0000022ae1386a20 Exception <a 'sun/nio/fs/WindowsException'{0x00000000eafe5750}> (0x00000000eafe5750) 
thrown [s\src\hotspot\share\prims\jni.cpp, line 520]
Event: 63.031 Thread 0x0000022ae1386a20 Exception <a 'sun/nio/fs/WindowsException'{0x00000000eafe60b8}> (0x00000000eafe60b8) 
thrown [s\src\hotspot\share\prims\jni.cpp, line 520]
Event: 63.031 Thread 0x0000022ae1386a20 Exception <a 'sun/nio/fs/WindowsException'{0x00000000eafe9fe8}> (0x00000000eafe9fe8) 
thrown [s\src\hotspot\share\prims\jni.cpp, line 520]
Event: 63.031 Thread 0x0000022ae1386a20 Exception <a 'sun/nio/fs/WindowsException'{0x00000000eafea6c8}> (0x00000000eafea6c8) 
thrown [s\src\hotspot\share\prims\jni.cpp, line 520]
Event: 63.031 Thread 0x0000022ae1386a20 Exception <a 'sun/nio/fs/WindowsException'{0x00000000eafeada8}> (0x00000000eafeada8) 
thrown [s\src\hotspot\share\prims\jni.cpp, line 520]
Event: 63.032 Thread 0x0000022ae1386a20 Exception <a 'sun/nio/fs/WindowsException'{0x00000000eafeb6e0}> (0x00000000eafeb6e0) 
thrown [s\src\hotspot\share\prims\jni.cpp, line 520]
Event: 63.032 Thread 0x0000022ae1386a20 Exception <a 'sun/nio/fs/WindowsException'{0x00000000eafef8e8}> (0x00000000eafef8e8) 
thrown [s\src\hotspot\share\prims\jni.cpp, line 520]
Event: 63.032 Thread 0x0000022ae1386a20 Exception <a 'sun/nio/fs/WindowsException'{0x00000000eafefff8}> (0x00000000eafefff8) 
thrown [s\src\hotspot\share\prims\jni.cpp, line 520]
Event: 63.032 Thread 0x0000022ae1386a20 Exception <a 'sun/nio/fs/WindowsException'{0x00000000eaff0960}> (0x00000000eaff0960) 
thrown [s\src\hotspot\share\prims\jni.cpp, line 520]
Event: 63.032 Thread 0x0000022ae1386a20 Exception <a 'sun/nio/fs/WindowsException'{0x00000000eaff1088}> (0x00000000eaff1088) 
thrown [s\src\hotspot\share\prims\jni.cpp, line 520]
Event: 63.355 Thread 0x0000022ae1644a50 Exception <a 'java/lang/IncompatibleClassChangeError'{0x00000000ead13a90}: Found class java.lang.Object, but interface was expected> (0x00000000ead13a90) 
thrown [s\src\hotspot\share\interpreter\linkResolver.cpp, line 840]

ZGC Phase Switch (0 events):
No events

VM Operations (20 events):
Event: 64.903 Executing VM operation: ParallelGCFailedAllocation (Allocation Failure)
Event: 64.907 Executing VM operation: ParallelGCFailedAllocation (Allocation Failure) done
Event: 64.975 Executing VM operation: ParallelGCFailedAllocation (Allocation Failure)
Event: 64.980 Executing VM operation: ParallelGCFailedAllocation (Allocation Failure) done
Event: 65.020 Executing VM operation: ParallelGCFailedAllocation (Allocation Failure)
Event: 65.023 Executing VM operation: ParallelGCFailedAllocation (Allocation Failure) done
Event: 65.096 Executing VM operation: ParallelGCFailedAllocation (Allocation Failure)
Event: 65.100 Executing VM operation: ParallelGCFailedAllocation (Allocation Failure) done
Event: 65.171 Executing VM operation: ParallelGCFailedAllocation (Allocation Failure)
Event: 65.184 Executing VM operation: ParallelGCFailedAllocation (Allocation Failure) done
Event: 65.226 Executing VM operation: ParallelGCFailedAllocation (Allocation Failure)
Event: 65.229 Executing VM operation: ParallelGCFailedAllocation (Allocation Failure) done
Event: 65.252 Executing VM operation: ParallelGCFailedAllocation (Allocation Failure)
Event: 65.267 Executing VM operation: ParallelGCFailedAllocation (Allocation Failure) done
Event: 65.318 Executing VM operation: ParallelGCFailedAllocation (Allocation Failure)
Event: 65.328 Executing VM operation: ParallelGCFailedAllocation (Allocation Failure) done
Event: 65.397 Executing VM operation: ParallelGCFailedAllocation (Allocation Failure)
Event: 65.400 Executing VM operation: ParallelGCFailedAllocation (Allocation Failure) done
Event: 65.490 Executing VM operation: ParallelGCFailedAllocation (Allocation Failure)
Event: 65.493 Executing VM operation: ParallelGCFailedAllocation (Allocation Failure) done

Memory protections (0 events):
No events

Nmethod flushes (20 events):
Event: 50.465 Thread 0x0000022ac666ebd0 flushing  nmethod 0x0000022aca101e90
Event: 50.465 Thread 0x0000022ac666ebd0 flushing  nmethod 0x0000022aca103590
Event: 50.465 Thread 0x0000022ac666ebd0 flushing  nmethod 0x0000022aca108990
Event: 50.465 Thread 0x0000022ac666ebd0 flushing  nmethod 0x0000022aca109190
Event: 50.465 Thread 0x0000022ac666ebd0 flushing  nmethod 0x0000022aca109c10
Event: 50.465 Thread 0x0000022ac666ebd0 flushing  nmethod 0x0000022aca10a390
Event: 50.465 Thread 0x0000022ac666ebd0 flushing  nmethod 0x0000022aca119890
Event: 50.465 Thread 0x0000022ac666ebd0 flushing  nmethod 0x0000022aca11a090
Event: 50.465 Thread 0x0000022ac666ebd0 flushing  nmethod 0x0000022aca11a510
Event: 50.465 Thread 0x0000022ac666ebd0 flushing  nmethod 0x0000022aca11e390
Event: 50.465 Thread 0x0000022ac666ebd0 flushing  nmethod 0x0000022aca120f90
Event: 50.465 Thread 0x0000022ac666ebd0 flushing  nmethod 0x0000022aca121790
Event: 50.465 Thread 0x0000022ac666ebd0 flushing  nmethod 0x0000022aca121d90
Event: 50.465 Thread 0x0000022ac666ebd0 flushing  nmethod 0x0000022aca122610
Event: 50.465 Thread 0x0000022ac666ebd0 flushing  nmethod 0x0000022aca12b690
Event: 50.465 Thread 0x0000022ac666ebd0 flushing  nmethod 0x0000022aca131210
Event: 50.465 Thread 0x0000022ac666ebd0 flushing  nmethod 0x0000022aca135690
Event: 50.465 Thread 0x0000022ac666ebd0 flushing  nmethod 0x0000022aca15d010
Event: 50.465 Thread 0x0000022ac666ebd0 flushing  nmethod 0x0000022aca165190
Event: 50.465 Thread 0x0000022ac666ebd0 flushing  nmethod 0x0000022aca182690

Events (20 events):
Event: 55.010 Thread 0x0000022ae1386a20 Thread added: 0x0000022ae3b59380
Event: 55.010 Thread 0x0000022ae1386a20 Thread added: 0x0000022ae3b52a80
Event: 57.622 Thread 0x0000022ae3b57fd0 Thread exited: 0x0000022ae3b57fd0
Event: 57.626 Thread 0x0000022ae3b59380 Thread exited: 0x0000022ae3b59380
Event: 57.631 Thread 0x0000022ae3b51d60 Thread exited: 0x0000022ae3b51d60
Event: 57.631 Thread 0x0000022ae3b52a80 Thread exited: 0x0000022ae3b52a80
Event: 57.662 Thread 0x0000022ae3b58660 Thread exited: 0x0000022ae3b58660
Event: 58.886 Thread 0x0000022ae1386a20 Thread added: 0x0000022ae3b52a80
Event: 58.887 Thread 0x0000022ae1386a20 Thread added: 0x0000022ae3b53110
Event: 58.887 Thread 0x0000022ae1386a20 Thread added: 0x0000022ae3b58660
Event: 58.888 Thread 0x0000022ae1386a20 Thread added: 0x0000022ae3b51d60
Event: 58.889 Thread 0x0000022ae1386a20 Thread added: 0x0000022ae3b59380
Event: 59.864 Thread 0x0000022ae3b52a80 Thread exited: 0x0000022ae3b52a80
Event: 59.865 Thread 0x0000022ae3b59380 Thread exited: 0x0000022ae3b59380
Event: 59.865 Thread 0x0000022ae3b53110 Thread exited: 0x0000022ae3b53110
Event: 59.867 Thread 0x0000022ae3b58660 Thread exited: 0x0000022ae3b58660
Event: 59.868 Thread 0x0000022ae3b51d60 Thread exited: 0x0000022ae3b51d60
Event: 64.585 Thread 0x0000022ada980970 Thread added: 0x0000022ae3455f80
Event: 64.867 Thread 0x0000022ae3455f80 Thread added: 0x0000022ae2a196b0
Event: 65.018 Thread 0x0000022ae13842c0 Thread added: 0x0000022ae3b58660


Dynamic libraries:
0x00007ff603990000 - 0x00007ff60399e000 	c:\Users\Lenovo\.vscode\extensions\redhat.java-1.42.0-win32-x64\jre\21.0.7-win32-x86_64\bin\java.exe
0x00007ff8f6230000 - 0x00007ff8f6447000 	C:\Windows\SYSTEM32\ntdll.dll
0x00007ff8f5730000 - 0x00007ff8f57f4000 	C:\Windows\System32\KERNEL32.DLL
0x00007ff8f3510000 - 0x00007ff8f38e3000 	C:\Windows\System32\KERNELBASE.dll
0x00007ff8f3d20000 - 0x00007ff8f3e31000 	C:\Windows\System32\ucrtbase.dll
0x00007ff8dac90000 - 0x00007ff8dacae000 	c:\Users\Lenovo\.vscode\extensions\redhat.java-1.42.0-win32-x64\jre\21.0.7-win32-x86_64\bin\VCRUNTIME140.dll
0x00007ff8dacb0000 - 0x00007ff8dacc8000 	c:\Users\Lenovo\.vscode\extensions\redhat.java-1.42.0-win32-x64\jre\21.0.7-win32-x86_64\bin\jli.dll
0x00007ff8e2570000 - 0x00007ff8e280b000 	C:\Windows\WinSxS\amd64_microsoft.windows.common-controls_6595b64144ccf1df_6.0.22621.5262_none_2712bde373830908\COMCTL32.dll
0x00007ff8f5060000 - 0x00007ff8f5211000 	C:\Windows\System32\USER32.dll
0x00007ff8f3cf0000 - 0x00007ff8f3d16000 	C:\Windows\System32\win32u.dll
0x00007ff8f5d60000 - 0x00007ff8f5e07000 	C:\Windows\System32\msvcrt.dll
0x00007ff8f61c0000 - 0x00007ff8f61e9000 	C:\Windows\System32\GDI32.dll
0x00007ff8f33e0000 - 0x00007ff8f3502000 	C:\Windows\System32\gdi32full.dll
0x00007ff8f3ab0000 - 0x00007ff8f3b4a000 	C:\Windows\System32\msvcp_win.dll
0x00007ff8f5800000 - 0x00007ff8f5831000 	C:\Windows\System32\IMM32.DLL
0x00007ff8eeeb0000 - 0x00007ff8eeebc000 	c:\Users\Lenovo\.vscode\extensions\redhat.java-1.42.0-win32-x64\jre\21.0.7-win32-x86_64\bin\vcruntime140_1.dll
0x00007ff8c6e40000 - 0x00007ff8c6ecd000 	c:\Users\Lenovo\.vscode\extensions\redhat.java-1.42.0-win32-x64\jre\21.0.7-win32-x86_64\bin\msvcp140.dll
0x00007ff8704a0000 - 0x00007ff871230000 	c:\Users\Lenovo\.vscode\extensions\redhat.java-1.42.0-win32-x64\jre\21.0.7-win32-x86_64\bin\server\jvm.dll
0x00007ff8f60e0000 - 0x00007ff8f6191000 	C:\Windows\System32\ADVAPI32.dll
0x00007ff8f4460000 - 0x00007ff8f4507000 	C:\Windows\System32\sechost.dll
0x00007ff8f3cc0000 - 0x00007ff8f3ce8000 	C:\Windows\System32\bcrypt.dll
0x00007ff8f5840000 - 0x00007ff8f5954000 	C:\Windows\System32\RPCRT4.dll
0x00007ff8f4510000 - 0x00007ff8f4581000 	C:\Windows\System32\WS2_32.dll
0x00007ff8f31f0000 - 0x00007ff8f323d000 	C:\Windows\SYSTEM32\POWRPROF.dll
0x00007ff8ee4f0000 - 0x00007ff8ee524000 	C:\Windows\SYSTEM32\WINMM.dll
0x00007ff8ee720000 - 0x00007ff8ee72a000 	C:\Windows\SYSTEM32\VERSION.dll
0x00007ff8f31d0000 - 0x00007ff8f31e3000 	C:\Windows\SYSTEM32\UMPDC.dll
0x00007ff8f22c0000 - 0x00007ff8f22d8000 	C:\Windows\SYSTEM32\kernel.appcore.dll
0x00007ff8da620000 - 0x00007ff8da62a000 	c:\Users\Lenovo\.vscode\extensions\redhat.java-1.42.0-win32-x64\jre\21.0.7-win32-x86_64\bin\jimage.dll
0x00007ff8eac50000 - 0x00007ff8eae82000 	C:\Windows\SYSTEM32\DBGHELP.DLL
0x00007ff8f59c0000 - 0x00007ff8f5d53000 	C:\Windows\System32\combase.dll
0x00007ff8f5650000 - 0x00007ff8f5727000 	C:\Windows\System32\OLEAUT32.dll
0x00007ff8da170000 - 0x00007ff8da1a2000 	C:\Windows\SYSTEM32\dbgcore.DLL
0x00007ff8f3a30000 - 0x00007ff8f3aab000 	C:\Windows\System32\bcryptPrimitives.dll
0x00007ff8da610000 - 0x00007ff8da61f000 	c:\Users\Lenovo\.vscode\extensions\redhat.java-1.42.0-win32-x64\jre\21.0.7-win32-x86_64\bin\instrument.dll
0x00007ff8da5f0000 - 0x00007ff8da60f000 	c:\Users\Lenovo\.vscode\extensions\redhat.java-1.42.0-win32-x64\jre\21.0.7-win32-x86_64\bin\java.dll
0x00007ff8f4600000 - 0x00007ff8f4e9d000 	C:\Windows\System32\SHELL32.dll
0x00007ff8f38f0000 - 0x00007ff8f3a2f000 	C:\Windows\System32\wintypes.dll
0x00007ff8f1210000 - 0x00007ff8f1b2d000 	C:\Windows\SYSTEM32\windows.storage.dll
0x00007ff8f5220000 - 0x00007ff8f532b000 	C:\Windows\System32\SHCORE.dll
0x00007ff8f4590000 - 0x00007ff8f45f6000 	C:\Windows\System32\shlwapi.dll
0x00007ff8f3250000 - 0x00007ff8f327b000 	C:\Windows\SYSTEM32\profapi.dll
0x00007ff8c6e20000 - 0x00007ff8c6e38000 	c:\Users\Lenovo\.vscode\extensions\redhat.java-1.42.0-win32-x64\jre\21.0.7-win32-x86_64\bin\zip.dll
0x00007ff8c6e10000 - 0x00007ff8c6e20000 	C:\Users\Lenovo\.vscode\extensions\redhat.java-1.42.0-win32-x64\jre\21.0.7-win32-x86_64\bin\net.dll
0x00007ff8ee270000 - 0x00007ff8ee39c000 	C:\Windows\SYSTEM32\WINHTTP.dll
0x00007ff8f2790000 - 0x00007ff8f27fa000 	C:\Windows\system32\mswsock.dll
0x00007ff8c6df0000 - 0x00007ff8c6e06000 	C:\Users\Lenovo\.vscode\extensions\redhat.java-1.42.0-win32-x64\jre\21.0.7-win32-x86_64\bin\nio.dll
0x00007ff8c65e0000 - 0x00007ff8c65f0000 	c:\Users\Lenovo\.vscode\extensions\redhat.java-1.42.0-win32-x64\jre\21.0.7-win32-x86_64\bin\verify.dll
0x00007ff8b68c0000 - 0x00007ff8b6905000 	C:\Users\Lenovo\AppData\Roaming\Code\User\globalStorage\redhat.java\1.42.0\config_win\org.eclipse.equinox.launcher\org.eclipse.equinox.launcher.win32.win32.x86_64_1.2.1300.v20250331-1702\eclipse_11911.dll
0x00007ff8f4eb0000 - 0x00007ff8f5051000 	C:\Windows\System32\ole32.dll
0x00007ff8f2ae0000 - 0x00007ff8f2afb000 	C:\Windows\SYSTEM32\CRYPTSP.dll
0x00007ff8f2280000 - 0x00007ff8f22b7000 	C:\Windows\system32\rsaenh.dll
0x00007ff8f2830000 - 0x00007ff8f2858000 	C:\Windows\SYSTEM32\USERENV.dll
0x00007ff8f2ac0000 - 0x00007ff8f2acc000 	C:\Windows\SYSTEM32\CRYPTBASE.dll
0x00007ff8f1d90000 - 0x00007ff8f1dbd000 	C:\Windows\SYSTEM32\IPHLPAPI.DLL
0x00007ff8f5960000 - 0x00007ff8f5969000 	C:\Windows\System32\NSI.dll
0x00007ff8d5020000 - 0x00007ff8d5069000 	C:\Users\Lenovo\AppData\Local\Temp\jna--2022488749\jna6279903372255089379.dll
0x00007ff8f60d0000 - 0x00007ff8f60d8000 	C:\Windows\System32\PSAPI.DLL
0x00007ff8eee90000 - 0x00007ff8eeea9000 	C:\Windows\SYSTEM32\dhcpcsvc6.DLL
0x00007ff8ee730000 - 0x00007ff8ee74f000 	C:\Windows\SYSTEM32\dhcpcsvc.DLL
0x00007ff8f2430000 - 0x00007ff8f2464000 	C:\Windows\SYSTEM32\ntmarta.dll

dbghelp: loaded successfully - version: 4.0.5 - missing functions: none
symbol engine: initialized successfully - sym options: 0x614 - pdb path: .;c:\Users\Lenovo\.vscode\extensions\redhat.java-1.42.0-win32-x64\jre\21.0.7-win32-x86_64\bin;C:\Windows\SYSTEM32;C:\Windows\WinSxS\amd64_microsoft.windows.common-controls_6595b64144ccf1df_6.0.22621.5262_none_2712bde373830908;c:\Users\Lenovo\.vscode\extensions\redhat.java-1.42.0-win32-x64\jre\21.0.7-win32-x86_64\bin\server;C:\Users\Lenovo\AppData\Roaming\Code\User\globalStorage\redhat.java\1.42.0\config_win\org.eclipse.equinox.launcher\org.eclipse.equinox.launcher.win32.win32.x86_64_1.2.1300.v20250331-1702;C:\Users\Lenovo\AppData\Local\Temp\jna--2022488749

VM Arguments:
jvm_args: --add-modules=ALL-SYSTEM --add-opens=java.base/java.util=ALL-UNNAMED --add-opens=java.base/java.lang=ALL-UNNAMED --add-opens=java.base/sun.nio.fs=ALL-UNNAMED -Declipse.application=org.eclipse.jdt.ls.core.id1 -Dosgi.bundles.defaultStartLevel=4 -Declipse.product=org.eclipse.jdt.ls.core.product -Djava.import.generatesMetadataFilesAtProjectRoot=false -DDetectVMInstallationsJob.disabled=true -Dfile.encoding=utf8 -XX:+UseParallelGC -XX:GCTimeRatio=4 -XX:AdaptiveSizePolicyWeight=90 -Dsun.zip.disableMemoryMapping=true -Xmx1G -Xms100m -Xlog:disable -javaagent:c:\Users\Lenovo\.vscode\extensions\redhat.java-1.42.0-win32-x64\lombok\lombok-1.18.36.jar -XX:+HeapDumpOnOutOfMemoryError -XX:HeapDumpPath=c:\Users\Lenovo\AppData\Roaming\Code\User\workspaceStorage\af2f7b487144cc2e2816302a5f9a9b1c\redhat.java -Daether.dependencyCollector.impl=bf 
java_command: c:\Users\Lenovo\.vscode\extensions\redhat.java-1.42.0-win32-x64\server\plugins\org.eclipse.equinox.launcher_1.7.0.v20250424-1814.jar -configuration c:\Users\Lenovo\AppData\Roaming\Code\User\globalStorage\redhat.java\1.42.0\config_win -data c:\Users\Lenovo\AppData\Roaming\Code\User\workspaceStorage\af2f7b487144cc2e2816302a5f9a9b1c\redhat.java\jdt_ws --pipe=\\.\pipe\lsp-f560eaafc3b8c582e67096fc234523a4-sock
java_class_path (initial): c:\Users\Lenovo\.vscode\extensions\redhat.java-1.42.0-win32-x64\server\plugins\org.eclipse.equinox.launcher_1.7.0.v20250424-1814.jar
Launcher Type: SUN_STANDARD

[Global flags]
    uintx AdaptiveSizePolicyWeight                 = 90                                        {product} {command line}
     intx CICompilerCount                          = 4                                         {product} {ergonomic}
    uintx GCTimeRatio                              = 4                                         {product} {command line}
     bool HeapDumpOnOutOfMemoryError               = true                                   {manageable} {command line}
    ccstr HeapDumpPath                             = c:\Users\Lenovo\AppData\Roaming\Code\User\workspaceStorage\af2f7b487144cc2e2816302a5f9a9b1c\redhat.java         {manageable} {command line}
   size_t InitialHeapSize                          = 104857600                                 {product} {command line}
   size_t MaxHeapSize                              = 1073741824                                {product} {command line}
   size_t MaxNewSize                               = 357564416                                 {product} {ergonomic}
   size_t MinHeapDeltaBytes                        = 524288                                    {product} {ergonomic}
   size_t MinHeapSize                              = 104857600                                 {product} {command line}
   size_t NewSize                                  = 34603008                                  {product} {ergonomic}
    uintx NonNMethodCodeHeapSize                   = 5839372                                {pd product} {ergonomic}
    uintx NonProfiledCodeHeapSize                  = 122909434                              {pd product} {ergonomic}
   size_t OldSize                                  = 70254592                                  {product} {ergonomic}
    uintx ProfiledCodeHeapSize                     = 122909434                              {pd product} {ergonomic}
    uintx ReservedCodeCacheSize                    = 251658240                              {pd product} {ergonomic}
     bool SegmentedCodeCache                       = true                                      {product} {ergonomic}
   size_t SoftMaxHeapSize                          = 1073741824                             {manageable} {ergonomic}
     bool UseCompressedOops                        = true                           {product lp64_product} {ergonomic}
     bool UseLargePagesIndividualAllocation        = false                                  {pd product} {ergonomic}
     bool UseParallelGC                            = true                                      {product} {command line}

Logging:
Log output configuration:
 #0: stdout all=off uptime,level,tags foldmultilines=false
 #1: stderr all=off uptime,level,tags foldmultilines=false

Environment Variables:
JAVA_HOME=C:\Program Files\Eclipse Adoptium\jdk-17.0.15.6-hotspot\
PATH=C:\Program Files\Eclipse Adoptium\jdk-17.0.15.6-hotspot\bin;C:\Program Files\FireDaemon OpenSSL 3\bin\;C:\Program Files (x86)\Common Files\Oracle\Java\javapath;C:\Windows\system32;C:\Windows;C:\Windows\System32\Wbem;C:\Windows\System32\WindowsPowerShell\v1.0\;C:\Windows\System32\OpenSSH\;C:\Program Files\Docker\Docker\resources\bin;C:\Program Files\nodejs\;C:\ProgramData\chocolatey\bin;C:\Program Files\Git\cmd;C:\ProgramData\chocolatey\lib\maven\apache-maven-3.9.9\bin;C:\Program Files\RedHat\java-17-openjdk-17.0.15.0.6-1\bin;C:\Program Files\PowerShell\7\;C:\Program Files\MySQL\MySQL Shell 8.0\bin\;C:\Users\Lenovo\AppData\Local\Microsoft\WindowsApps;C:\Users\Lenovo\AppData\Local\Programs\Microsoft VS Code\bin;C:\Users\Lenovo\AppData\Roaming\npm
USERNAME=Lenovo
OS=Windows_NT
PROCESSOR_IDENTIFIER=AMD64 Family 25 Model 80 Stepping 0, AuthenticAMD
TMP=C:\Users\Lenovo\AppData\Local\Temp
TEMP=C:\Users\Lenovo\AppData\Local\Temp




Periodic native trim disabled

---------------  S Y S T E M  ---------------

OS:
 Windows 11 , 64 bit Build 22621 (10.0.22621.5262)
OS uptime: 0 days 3:29 hours
Hyper-V role detected

CPU: total 8 (initial active 8) (8 cores per cpu, 2 threads per core) family 25 model 80 stepping 0 microcode 0x0, cx8, cmov, fxsr, ht, mmx, 3dnowpref, sse, sse2, sse3, ssse3, sse4a, sse4.1, sse4.2, popcnt, lzcnt, tsc, tscinvbit, avx, avx2, aes, erms, clmul, bmi1, bmi2, adx, sha, fma, vzeroupper, clflush, clflushopt, hv, rdtscp, rdpid, fsrm, f16c, cet_ss
Processor Information for the first 8 processors :
  Max Mhz: 3301, Current Mhz: 3301, Mhz Limit: 3301

Memory: 4k page, system-wide physical 5996M (1018M free)
TotalPageFile size 24428M (AvailPageFile size 2M)
current process WorkingSet (physical memory assigned to process): 265M, peak: 265M
current process commit charge ("private bytes"): 398M, peak: 399M

vm_info: OpenJDK 64-Bit Server VM (21.0.7+6-LTS) for windows-amd64 JRE (21.0.7+6-LTS), built on 2025-04-15T00:00:00Z by "admin" with MS VC++ 17.7 (VS2022)

END.
